  main.cpp
C:\Users\user\source\repos\ProjectStudent\ProjectStudent\Header2.h(17,13): error C3646: 'year': unknown override specifier
C:\Users\user\source\repos\ProjectStudent\ProjectStudent\Header2.h(17,17): error C4430: missing type specifier - int assumed. Note: C++ does not support default-int
C:\Users\user\source\repos\ProjectStudent\ProjectStudent\Header2.h(21,7): error C2143: syntax error: missing ';' before '<'
C:\Users\user\source\repos\ProjectStudent\ProjectStudent\Header2.h(21,7): error C4430: missing type specifier - int assumed. Note: C++ does not support default-int
C:\Users\user\source\repos\ProjectStudent\ProjectStudent\Header2.h(21,24): error C2238: unexpected token(s) preceding ';'
C:\Users\user\source\repos\ProjectStudent\ProjectStudent\Header2.h(24,17): error C2039: 'year': is not a member of 'Class'
C:\Users\user\source\repos\ProjectStudent\ProjectStudent\Header2.h(15,8): message : see declaration of 'Class'
C:\Users\user\source\repos\ProjectStudent\ProjectStudent\Header2.h(24,38): error C2039: 'year': is not a member of 'Class'
C:\Users\user\source\repos\ProjectStudent\ProjectStudent\Header2.h(15,8): message : see declaration of 'Class'
C:\Users\user\source\repos\ProjectStudent\ProjectStudent\Header2.h(30,10): error C3646: 'student': unknown override specifier
C:\Users\user\source\repos\ProjectStudent\ProjectStudent\Header2.h(30,17): error C4430: missing type specifier - int assumed. Note: C++ does not support default-int
C:\Users\user\source\repos\ProjectStudent\ProjectStudent\Header2.h(31,9): error C2079: 'Scoreboard::course' uses undefined struct 'Course'
C:\Users\user\source\repos\ProjectStudent\ProjectStudent\Header2.h(43,7): error C2143: syntax error: missing ';' before '<'
C:\Users\user\source\repos\ProjectStudent\ProjectStudent\Header2.h(43,7): error C4430: missing type specifier - int assumed. Note: C++ does not support default-int
C:\Users\user\source\repos\ProjectStudent\ProjectStudent\Header2.h(43,23): error C2238: unexpected token(s) preceding ';'
C:\Users\user\source\repos\ProjectStudent\ProjectStudent\Header2.h(60,11): error C3646: 'sem': unknown override specifier
C:\Users\user\source\repos\ProjectStudent\ProjectStudent\Header2.h(60,14): error C4430: missing type specifier - int assumed. Note: C++ does not support default-int
C:\Users\user\source\repos\ProjectStudent\ProjectStudent\Header2.h(61,7): error C2143: syntax error: missing ';' before '<'
C:\Users\user\source\repos\ProjectStudent\ProjectStudent\Header2.h(61,7): error C4430: missing type specifier - int assumed. Note: C++ does not support default-int
C:\Users\user\source\repos\ProjectStudent\ProjectStudent\Header2.h(61,24): error C2238: unexpected token(s) preceding ';'
C:\Users\user\source\repos\ProjectStudent\ProjectStudent\Header2.h(62,7): error C2143: syntax error: missing ';' before '<'
C:\Users\user\source\repos\ProjectStudent\ProjectStudent\Header2.h(62,7): error C4430: missing type specifier - int assumed. Note: C++ does not support default-int
C:\Users\user\source\repos\ProjectStudent\ProjectStudent\Header2.h(62,25): error C2238: unexpected token(s) preceding ';'
C:\Users\user\source\repos\ProjectStudent\ProjectStudent\Header2.h(67,6): error C2182: 'addLast': this use of 'void' is not valid
C:\Users\user\source\repos\ProjectStudent\ProjectStudent\Header2.h(67,14): error C2065: 'LList': undeclared identifier
C:\Users\user\source\repos\ProjectStudent\ProjectStudent\Header2.h(67,23): error C2065: 'l': undeclared identifier
C:\Users\user\source\repos\ProjectStudent\ProjectStudent\Header2.h(67,26): error C2065: 'Node': undeclared identifier
C:\Users\user\source\repos\ProjectStudent\ProjectStudent\Header2.h(67,35): error C2065: 'insert': undeclared identifier
C:\Users\user\source\repos\ProjectStudent\ProjectStudent\Header2.h(67,14): error C3861: 'LList': identifier not found
C:\Users\user\source\repos\ProjectStudent\ProjectStudent\Header2.h(67,23): error C3861: 'l': identifier not found
C:\Users\user\source\repos\ProjectStudent\ProjectStudent\Header2.h(67,26): error C3861: 'Node': identifier not found
C:\Users\user\source\repos\ProjectStudent\ProjectStudent\Header2.h(67,35): error C3861: 'insert': identifier not found
C:\Users\user\source\repos\ProjectStudent\ProjectStudent\Header2.h(69,16): error C2065: 'Node': undeclared identifier
C:\Users\user\source\repos\ProjectStudent\ProjectStudent\Header2.h(69,25): error C2065: 'head': undeclared identifier
C:\Users\user\source\repos\ProjectStudent\ProjectStudent\Header2.h(69,16): error C3861: 'Node': identifier not found
C:\Users\user\source\repos\ProjectStudent\ProjectStudent\Header2.h(69,25): error C3861: 'head': identifier not found
C:\Users\user\source\repos\ProjectStudent\ProjectStudent\Header2.h(71,6): error C2182: 'removeRandomNode': this use of 'void' is not valid
C:\Users\user\source\repos\ProjectStudent\ProjectStudent\Header2.h(71,23): error C2065: 'LList': undeclared identifier
C:\Users\user\source\repos\ProjectStudent\ProjectStudent\Header2.h(71,32): error C2065: 'l': undeclared identifier
C:\Users\user\source\repos\ProjectStudent\ProjectStudent\Header2.h(71,35): error C2275: 'a': expected an expression instead of a type
C:\Users\user\source\repos\ProjectStudent\ProjectStudent\Header2.h(71,37): error C2146: syntax error: missing ')' before identifier 'data'
C:\Users\user\source\repos\ProjectStudent\ProjectStudent\Header2.h(73,5): error C2988: unrecognizable template declaration/definition
C:\Users\user\source\repos\ProjectStudent\ProjectStudent\Header2.h(73,5): error C2143: syntax error: missing ';' before '<'
C:\Users\user\source\repos\ProjectStudent\ProjectStudent\Header2.h(73,5): error C2059: syntax error: '<'
C:\Users\user\source\repos\ProjectStudent\ProjectStudent\Header2.h(84,5): error C2988: unrecognizable template declaration/definition
C:\Users\user\source\repos\ProjectStudent\ProjectStudent\Header2.h(84,5): error C2143: syntax error: missing ';' before '<'
C:\Users\user\source\repos\ProjectStudent\ProjectStudent\Header2.h(84,5): error C2059: syntax error: '<'
C:\Users\user\source\repos\ProjectStudent\ProjectStudent\Header2.h(86,5): error C2988: unrecognizable template declaration/definition
C:\Users\user\source\repos\ProjectStudent\ProjectStudent\Header2.h(86,5): error C2143: syntax error: missing ';' before '<'
C:\Users\user\source\repos\ProjectStudent\ProjectStudent\Header2.h(86,5): error C2059: syntax error: '<'
C:\Users\user\source\repos\ProjectStudent\ProjectStudent\Header1.h(42,3): error C2059: syntax error: 'return'
C:\Users\user\source\repos\ProjectStudent\ProjectStudent\Header1.h(42,96): error C2238: unexpected token(s) preceding ';'
C:\Users\user\source\repos\ProjectStudent\ProjectStudent\Header1.h(44,1): error C2059: syntax error: '}'
C:\Users\user\source\repos\ProjectStudent\ProjectStudent\Header1.h(44,1): error C2143: syntax error: missing ';' before '}'
C:\Users\user\source\repos\ProjectStudent\ProjectStudent\Header1.h(53,3): error C2059: syntax error: 'return'
C:\Users\user\source\repos\ProjectStudent\ProjectStudent\Header1.h(53,102): error C2238: unexpected token(s) preceding ';'
C:\Users\user\source\repos\ProjectStudent\ProjectStudent\Header1.h(55,1): error C2059: syntax error: '}'
C:\Users\user\source\repos\ProjectStudent\ProjectStudent\Header1.h(55,1): error C2143: syntax error: missing ';' before '}'
C:\Users\user\source\repos\ProjectStudent\ProjectStudent\Header1.h(66,3): error C2059: syntax error: 'return'
C:\Users\user\source\repos\ProjectStudent\ProjectStudent\Header1.h(66,160): error C2238: unexpected token(s) preceding ';'
C:\Users\user\source\repos\ProjectStudent\ProjectStudent\Header1.h(68,1): error C2059: syntax error: '}'
C:\Users\user\source\repos\ProjectStudent\ProjectStudent\Header1.h(68,1): error C2143: syntax error: missing ';' before '}'
C:\Users\user\source\repos\ProjectStudent\ProjectStudent\Source4.cpp(5,6): error C2365: 'addLast': redefinition; previous definition was 'data variable'
C:\Users\user\source\repos\ProjectStudent\ProjectStudent\Header2.h(67,6): message : see declaration of 'addLast'
C:\Users\user\source\repos\ProjectStudent\ProjectStudent\Source4.cpp(17,5): error C2365: 'countNodes': redefinition; previous definition was 'data variable'
C:\Users\user\source\repos\ProjectStudent\ProjectStudent\Header2.h(69,5): message : see declaration of 'countNodes'
C:\Users\user\source\repos\ProjectStudent\ProjectStudent\Source4.cpp(26,6): error C2365: 'removeRandomNode': redefinition; previous definition was 'data variable'
C:\Users\user\source\repos\ProjectStudent\ProjectStudent\Header2.h(71,6): message : see declaration of 'removeRandomNode'
  Source1.cpp
C:\Users\user\source\repos\ProjectStudent\ProjectStudent\Header2.h(17,13): error C3646: 'year': unknown override specifier
C:\Users\user\source\repos\ProjectStudent\ProjectStudent\Header2.h(17,17): error C4430: missing type specifier - int assumed. Note: C++ does not support default-int
C:\Users\user\source\repos\ProjectStudent\ProjectStudent\Header2.h(21,7): error C2143: syntax error: missing ';' before '<'
C:\Users\user\source\repos\ProjectStudent\ProjectStudent\Header2.h(21,7): error C4430: missing type specifier - int assumed. Note: C++ does not support default-int
C:\Users\user\source\repos\ProjectStudent\ProjectStudent\Header2.h(21,24): error C2238: unexpected token(s) preceding ';'
C:\Users\user\source\repos\ProjectStudent\ProjectStudent\Header2.h(24,17): error C2039: 'year': is not a member of 'Class'
C:\Users\user\source\repos\ProjectStudent\ProjectStudent\Header2.h(15,8): message : see declaration of 'Class'
C:\Users\user\source\repos\ProjectStudent\ProjectStudent\Header2.h(24,38): error C2039: 'year': is not a member of 'Class'
C:\Users\user\source\repos\ProjectStudent\ProjectStudent\Header2.h(15,8): message : see declaration of 'Class'
C:\Users\user\source\repos\ProjectStudent\ProjectStudent\Header2.h(30,10): error C3646: 'student': unknown override specifier
C:\Users\user\source\repos\ProjectStudent\ProjectStudent\Header2.h(30,17): error C4430: missing type specifier - int assumed. Note: C++ does not support default-int
C:\Users\user\source\repos\ProjectStudent\ProjectStudent\Header2.h(31,9): error C2079: 'Scoreboard::course' uses undefined struct 'Course'
C:\Users\user\source\repos\ProjectStudent\ProjectStudent\Header2.h(43,7): error C2143: syntax error: missing ';' before '<'
C:\Users\user\source\repos\ProjectStudent\ProjectStudent\Header2.h(43,7): error C4430: missing type specifier - int assumed. Note: C++ does not support default-int
C:\Users\user\source\repos\ProjectStudent\ProjectStudent\Header2.h(43,23): error C2238: unexpected token(s) preceding ';'
C:\Users\user\source\repos\ProjectStudent\ProjectStudent\Header2.h(60,11): error C3646: 'sem': unknown override specifier
C:\Users\user\source\repos\ProjectStudent\ProjectStudent\Header2.h(60,14): error C4430: missing type specifier - int assumed. Note: C++ does not support default-int
C:\Users\user\source\repos\ProjectStudent\ProjectStudent\Header2.h(61,7): error C2143: syntax error: missing ';' before '<'
C:\Users\user\source\repos\ProjectStudent\ProjectStudent\Header2.h(61,7): error C4430: missing type specifier - int assumed. Note: C++ does not support default-int
C:\Users\user\source\repos\ProjectStudent\ProjectStudent\Header2.h(61,24): error C2238: unexpected token(s) preceding ';'
C:\Users\user\source\repos\ProjectStudent\ProjectStudent\Header2.h(62,7): error C2143: syntax error: missing ';' before '<'
C:\Users\user\source\repos\ProjectStudent\ProjectStudent\Header2.h(62,7): error C4430: missing type specifier - int assumed. Note: C++ does not support default-int
C:\Users\user\source\repos\ProjectStudent\ProjectStudent\Header2.h(62,25): error C2238: unexpected token(s) preceding ';'
C:\Users\user\source\repos\ProjectStudent\ProjectStudent\Header2.h(67,6): error C2182: 'addLast': this use of 'void' is not valid
C:\Users\user\source\repos\ProjectStudent\ProjectStudent\Header2.h(67,14): error C2065: 'LList': undeclared identifier
C:\Users\user\source\repos\ProjectStudent\ProjectStudent\Header2.h(67,23): error C2065: 'l': undeclared identifier
C:\Users\user\source\repos\ProjectStudent\ProjectStudent\Header2.h(67,26): error C2065: 'Node': undeclared identifier
C:\Users\user\source\repos\ProjectStudent\ProjectStudent\Header2.h(67,35): error C2065: 'insert': undeclared identifier
C:\Users\user\source\repos\ProjectStudent\ProjectStudent\Header2.h(67,14): error C3861: 'LList': identifier not found
C:\Users\user\source\repos\ProjectStudent\ProjectStudent\Header2.h(67,23): error C3861: 'l': identifier not found
C:\Users\user\source\repos\ProjectStudent\ProjectStudent\Header2.h(67,26): error C3861: 'Node': identifier not found
C:\Users\user\source\repos\ProjectStudent\ProjectStudent\Header2.h(67,35): error C3861: 'insert': identifier not found
C:\Users\user\source\repos\ProjectStudent\ProjectStudent\Header2.h(69,16): error C2065: 'Node': undeclared identifier
C:\Users\user\source\repos\ProjectStudent\ProjectStudent\Header2.h(69,25): error C2065: 'head': undeclared identifier
C:\Users\user\source\repos\ProjectStudent\ProjectStudent\Header2.h(69,16): error C3861: 'Node': identifier not found
C:\Users\user\source\repos\ProjectStudent\ProjectStudent\Header2.h(69,25): error C3861: 'head': identifier not found
C:\Users\user\source\repos\ProjectStudent\ProjectStudent\Header2.h(71,6): error C2182: 'removeRandomNode': this use of 'void' is not valid
C:\Users\user\source\repos\ProjectStudent\ProjectStudent\Header2.h(71,23): error C2065: 'LList': undeclared identifier
C:\Users\user\source\repos\ProjectStudent\ProjectStudent\Header2.h(71,32): error C2065: 'l': undeclared identifier
C:\Users\user\source\repos\ProjectStudent\ProjectStudent\Header2.h(71,35): error C2275: 'a': expected an expression instead of a type
C:\Users\user\source\repos\ProjectStudent\ProjectStudent\Header2.h(71,37): error C2146: syntax error: missing ')' before identifier 'data'
C:\Users\user\source\repos\ProjectStudent\ProjectStudent\Header2.h(73,5): error C2988: unrecognizable template declaration/definition
C:\Users\user\source\repos\ProjectStudent\ProjectStudent\Header2.h(73,5): error C2143: syntax error: missing ';' before '<'
C:\Users\user\source\repos\ProjectStudent\ProjectStudent\Header2.h(73,5): error C2059: syntax error: '<'
C:\Users\user\source\repos\ProjectStudent\ProjectStudent\Header2.h(84,5): error C2988: unrecognizable template declaration/definition
C:\Users\user\source\repos\ProjectStudent\ProjectStudent\Header2.h(84,5): error C2143: syntax error: missing ';' before '<'
C:\Users\user\source\repos\ProjectStudent\ProjectStudent\Header2.h(84,5): error C2059: syntax error: '<'
C:\Users\user\source\repos\ProjectStudent\ProjectStudent\Header2.h(86,5): error C2988: unrecognizable template declaration/definition
C:\Users\user\source\repos\ProjectStudent\ProjectStudent\Header2.h(86,5): error C2143: syntax error: missing ';' before '<'
C:\Users\user\source\repos\ProjectStudent\ProjectStudent\Header2.h(86,5): error C2059: syntax error: '<'
C:\Users\user\source\repos\ProjectStudent\ProjectStudent\Header1.h(42,3): error C2059: syntax error: 'return'
C:\Users\user\source\repos\ProjectStudent\ProjectStudent\Header1.h(42,96): error C2238: unexpected token(s) preceding ';'
C:\Users\user\source\repos\ProjectStudent\ProjectStudent\Header1.h(44,1): error C2059: syntax error: '}'
C:\Users\user\source\repos\ProjectStudent\ProjectStudent\Header1.h(44,1): error C2143: syntax error: missing ';' before '}'
C:\Users\user\source\repos\ProjectStudent\ProjectStudent\Header1.h(53,3): error C2059: syntax error: 'return'
C:\Users\user\source\repos\ProjectStudent\ProjectStudent\Header1.h(53,102): error C2238: unexpected token(s) preceding ';'
C:\Users\user\source\repos\ProjectStudent\ProjectStudent\Header1.h(55,1): error C2059: syntax error: '}'
C:\Users\user\source\repos\ProjectStudent\ProjectStudent\Header1.h(55,1): error C2143: syntax error: missing ';' before '}'
C:\Users\user\source\repos\ProjectStudent\ProjectStudent\Header1.h(66,3): error C2059: syntax error: 'return'
C:\Users\user\source\repos\ProjectStudent\ProjectStudent\Header1.h(66,160): error C2238: unexpected token(s) preceding ';'
C:\Users\user\source\repos\ProjectStudent\ProjectStudent\Header1.h(68,1): error C2059: syntax error: '}'
C:\Users\user\source\repos\ProjectStudent\ProjectStudent\Header1.h(68,1): error C2143: syntax error: missing ';' before '}'
C:\Users\user\source\repos\ProjectStudent\ProjectStudent\Source4.cpp(5,6): error C2365: 'addLast': redefinition; previous definition was 'data variable'
C:\Users\user\source\repos\ProjectStudent\ProjectStudent\Header2.h(67,6): message : see declaration of 'addLast'
C:\Users\user\source\repos\ProjectStudent\ProjectStudent\Source4.cpp(17,5): error C2365: 'countNodes': redefinition; previous definition was 'data variable'
C:\Users\user\source\repos\ProjectStudent\ProjectStudent\Header2.h(69,5): message : see declaration of 'countNodes'
C:\Users\user\source\repos\ProjectStudent\ProjectStudent\Source4.cpp(26,6): error C2365: 'removeRandomNode': redefinition; previous definition was 'data variable'
C:\Users\user\source\repos\ProjectStudent\ProjectStudent\Header2.h(71,6): message : see declaration of 'removeRandomNode'
C:\Users\user\source\repos\ProjectStudent\ProjectStudent\Source1.cpp(146,24): error C2065: 'systems': undeclared identifier
C:\Users\user\source\repos\ProjectStudent\ProjectStudent\Source1.cpp(147,35): error C2039: 'stuList': is not a member of 'Class'
C:\Users\user\source\repos\ProjectStudent\ProjectStudent\Header1.h(31,8): message : see declaration of 'Class'
C:\Users\user\source\repos\ProjectStudent\ProjectStudent\Source1.cpp(157,24): error C2065: 'systems': undeclared identifier
C:\Users\user\source\repos\ProjectStudent\ProjectStudent\Source1.cpp(158,7): error C2065: 'j': undeclared identifier
C:\Users\user\source\repos\ProjectStudent\ProjectStudent\Source1.cpp(159,11): error C2065: 'j': undeclared identifier
C:\Users\user\source\repos\ProjectStudent\ProjectStudent\Source1.cpp(165,13): warning C4267: 'initializing': conversion from 'size_t' to 'int', possible loss of data
C:\Users\user\source\repos\ProjectStudent\ProjectStudent\Source1.cpp(186,3): error C3861: 'viewStudent': identifier not found
C:\Users\user\source\repos\ProjectStudent\ProjectStudent\Source1.cpp(188,3): error C3861: 'viewStaff': identifier not found
  Source10.cpp
C:\Users\user\source\repos\ProjectStudent\ProjectStudent\Header2.h(17,13): error C3646: 'year': unknown override specifier
C:\Users\user\source\repos\ProjectStudent\ProjectStudent\Header2.h(17,17): error C4430: missing type specifier - int assumed. Note: C++ does not support default-int
C:\Users\user\source\repos\ProjectStudent\ProjectStudent\Header2.h(21,7): error C2143: syntax error: missing ';' before '<'
C:\Users\user\source\repos\ProjectStudent\ProjectStudent\Header2.h(21,7): error C4430: missing type specifier - int assumed. Note: C++ does not support default-int
C:\Users\user\source\repos\ProjectStudent\ProjectStudent\Header2.h(21,24): error C2238: unexpected token(s) preceding ';'
C:\Users\user\source\repos\ProjectStudent\ProjectStudent\Header2.h(24,17): error C2039: 'year': is not a member of 'Class'
C:\Users\user\source\repos\ProjectStudent\ProjectStudent\Header2.h(15,8): message : see declaration of 'Class'
C:\Users\user\source\repos\ProjectStudent\ProjectStudent\Header2.h(24,38): error C2039: 'year': is not a member of 'Class'
C:\Users\user\source\repos\ProjectStudent\ProjectStudent\Header2.h(15,8): message : see declaration of 'Class'
C:\Users\user\source\repos\ProjectStudent\ProjectStudent\Header2.h(30,10): error C3646: 'student': unknown override specifier
C:\Users\user\source\repos\ProjectStudent\ProjectStudent\Header2.h(30,17): error C4430: missing type specifier - int assumed. Note: C++ does not support default-int
C:\Users\user\source\repos\ProjectStudent\ProjectStudent\Header2.h(31,9): error C2079: 'Scoreboard::course' uses undefined struct 'Course'
C:\Users\user\source\repos\ProjectStudent\ProjectStudent\Header2.h(43,7): error C2143: syntax error: missing ';' before '<'
C:\Users\user\source\repos\ProjectStudent\ProjectStudent\Header2.h(43,7): error C4430: missing type specifier - int assumed. Note: C++ does not support default-int
C:\Users\user\source\repos\ProjectStudent\ProjectStudent\Header2.h(43,23): error C2238: unexpected token(s) preceding ';'
C:\Users\user\source\repos\ProjectStudent\ProjectStudent\Header2.h(60,11): error C3646: 'sem': unknown override specifier
C:\Users\user\source\repos\ProjectStudent\ProjectStudent\Header2.h(60,14): error C4430: missing type specifier - int assumed. Note: C++ does not support default-int
C:\Users\user\source\repos\ProjectStudent\ProjectStudent\Header2.h(61,7): error C2143: syntax error: missing ';' before '<'
C:\Users\user\source\repos\ProjectStudent\ProjectStudent\Header2.h(61,7): error C4430: missing type specifier - int assumed. Note: C++ does not support default-int
C:\Users\user\source\repos\ProjectStudent\ProjectStudent\Header2.h(61,24): error C2238: unexpected token(s) preceding ';'
C:\Users\user\source\repos\ProjectStudent\ProjectStudent\Header2.h(62,7): error C2143: syntax error: missing ';' before '<'
C:\Users\user\source\repos\ProjectStudent\ProjectStudent\Header2.h(62,7): error C4430: missing type specifier - int assumed. Note: C++ does not support default-int
C:\Users\user\source\repos\ProjectStudent\ProjectStudent\Header2.h(62,25): error C2238: unexpected token(s) preceding ';'
C:\Users\user\source\repos\ProjectStudent\ProjectStudent\Header2.h(67,6): error C2182: 'addLast': this use of 'void' is not valid
C:\Users\user\source\repos\ProjectStudent\ProjectStudent\Header2.h(67,14): error C2065: 'LList': undeclared identifier
C:\Users\user\source\repos\ProjectStudent\ProjectStudent\Header2.h(67,23): error C2065: 'l': undeclared identifier
C:\Users\user\source\repos\ProjectStudent\ProjectStudent\Header2.h(67,26): error C2065: 'Node': undeclared identifier
C:\Users\user\source\repos\ProjectStudent\ProjectStudent\Header2.h(67,35): error C2065: 'insert': undeclared identifier
C:\Users\user\source\repos\ProjectStudent\ProjectStudent\Header2.h(67,14): error C3861: 'LList': identifier not found
C:\Users\user\source\repos\ProjectStudent\ProjectStudent\Header2.h(67,23): error C3861: 'l': identifier not found
C:\Users\user\source\repos\ProjectStudent\ProjectStudent\Header2.h(67,26): error C3861: 'Node': identifier not found
C:\Users\user\source\repos\ProjectStudent\ProjectStudent\Header2.h(67,35): error C3861: 'insert': identifier not found
C:\Users\user\source\repos\ProjectStudent\ProjectStudent\Header2.h(69,16): error C2065: 'Node': undeclared identifier
C:\Users\user\source\repos\ProjectStudent\ProjectStudent\Header2.h(69,25): error C2065: 'head': undeclared identifier
C:\Users\user\source\repos\ProjectStudent\ProjectStudent\Header2.h(69,16): error C3861: 'Node': identifier not found
C:\Users\user\source\repos\ProjectStudent\ProjectStudent\Header2.h(69,25): error C3861: 'head': identifier not found
C:\Users\user\source\repos\ProjectStudent\ProjectStudent\Header2.h(71,6): error C2182: 'removeRandomNode': this use of 'void' is not valid
C:\Users\user\source\repos\ProjectStudent\ProjectStudent\Header2.h(71,23): error C2065: 'LList': undeclared identifier
C:\Users\user\source\repos\ProjectStudent\ProjectStudent\Header2.h(71,32): error C2065: 'l': undeclared identifier
C:\Users\user\source\repos\ProjectStudent\ProjectStudent\Header2.h(71,35): error C2275: 'a': expected an expression instead of a type
C:\Users\user\source\repos\ProjectStudent\ProjectStudent\Header2.h(71,37): error C2146: syntax error: missing ')' before identifier 'data'
C:\Users\user\source\repos\ProjectStudent\ProjectStudent\Header2.h(73,5): error C2988: unrecognizable template declaration/definition
C:\Users\user\source\repos\ProjectStudent\ProjectStudent\Header2.h(73,5): error C2143: syntax error: missing ';' before '<'
C:\Users\user\source\repos\ProjectStudent\ProjectStudent\Header2.h(73,5): error C2059: syntax error: '<'
C:\Users\user\source\repos\ProjectStudent\ProjectStudent\Header2.h(84,5): error C2988: unrecognizable template declaration/definition
C:\Users\user\source\repos\ProjectStudent\ProjectStudent\Header2.h(84,5): error C2143: syntax error: missing ';' before '<'
C:\Users\user\source\repos\ProjectStudent\ProjectStudent\Header2.h(84,5): error C2059: syntax error: '<'
C:\Users\user\source\repos\ProjectStudent\ProjectStudent\Header2.h(86,5): error C2988: unrecognizable template declaration/definition
C:\Users\user\source\repos\ProjectStudent\ProjectStudent\Header2.h(86,5): error C2143: syntax error: missing ';' before '<'
C:\Users\user\source\repos\ProjectStudent\ProjectStudent\Header2.h(86,5): error C2059: syntax error: '<'
C:\Users\user\source\repos\ProjectStudent\ProjectStudent\Header1.h(42,3): error C2059: syntax error: 'return'
C:\Users\user\source\repos\ProjectStudent\ProjectStudent\Header1.h(42,96): error C2238: unexpected token(s) preceding ';'
C:\Users\user\source\repos\ProjectStudent\ProjectStudent\Header1.h(44,1): error C2059: syntax error: '}'
C:\Users\user\source\repos\ProjectStudent\ProjectStudent\Header1.h(44,1): error C2143: syntax error: missing ';' before '}'
C:\Users\user\source\repos\ProjectStudent\ProjectStudent\Header1.h(53,3): error C2059: syntax error: 'return'
C:\Users\user\source\repos\ProjectStudent\ProjectStudent\Header1.h(53,102): error C2238: unexpected token(s) preceding ';'
C:\Users\user\source\repos\ProjectStudent\ProjectStudent\Header1.h(55,1): error C2059: syntax error: '}'
C:\Users\user\source\repos\ProjectStudent\ProjectStudent\Header1.h(55,1): error C2143: syntax error: missing ';' before '}'
C:\Users\user\source\repos\ProjectStudent\ProjectStudent\Header1.h(66,3): error C2059: syntax error: 'return'
C:\Users\user\source\repos\ProjectStudent\ProjectStudent\Header1.h(66,160): error C2238: unexpected token(s) preceding ';'
C:\Users\user\source\repos\ProjectStudent\ProjectStudent\Header1.h(68,1): error C2059: syntax error: '}'
C:\Users\user\source\repos\ProjectStudent\ProjectStudent\Header1.h(68,1): error C2143: syntax error: missing ';' before '}'
C:\Users\user\source\repos\ProjectStudent\ProjectStudent\Source4.cpp(5,6): error C2365: 'addLast': redefinition; previous definition was 'data variable'
C:\Users\user\source\repos\ProjectStudent\ProjectStudent\Header2.h(67,6): message : see declaration of 'addLast'
C:\Users\user\source\repos\ProjectStudent\ProjectStudent\Source4.cpp(17,5): error C2365: 'countNodes': redefinition; previous definition was 'data variable'
C:\Users\user\source\repos\ProjectStudent\ProjectStudent\Header2.h(69,5): message : see declaration of 'countNodes'
C:\Users\user\source\repos\ProjectStudent\ProjectStudent\Source4.cpp(26,6): error C2365: 'removeRandomNode': redefinition; previous definition was 'data variable'
C:\Users\user\source\repos\ProjectStudent\ProjectStudent\Header2.h(71,6): message : see declaration of 'removeRandomNode'
C:\Users\user\source\repos\ProjectStudent\ProjectStudent\Source10.cpp(31,17): error C2039: 'sem': is not a member of 'Course'
C:\Users\user\source\repos\ProjectStudent\ProjectStudent\Header1.h(33,8): message : see declaration of 'Course'
C:\Users\user\source\repos\ProjectStudent\ProjectStudent\Source10.cpp(65,16): error C3861: 'findStaff': identifier not found
C:\Users\user\source\repos\ProjectStudent\ProjectStudent\Source10.cpp(66,41): error C3861: 'createClass': identifier not found
C:\Users\user\source\repos\ProjectStudent\ProjectStudent\Source10.cpp(71,35): error C2039: 'sem': is not a member of 'Course'
C:\Users\user\source\repos\ProjectStudent\ProjectStudent\Header1.h(33,8): message : see declaration of 'Course'
C:\Users\user\source\repos\ProjectStudent\ProjectStudent\Source10.cpp(72,38): error C2039: 'sem': is not a member of 'Course'
C:\Users\user\source\repos\ProjectStudent\ProjectStudent\Header1.h(33,8): message : see declaration of 'Course'
C:\Users\user\source\repos\ProjectStudent\ProjectStudent\Source10.cpp(72,8): error C3861: 'findCourse': identifier not found
C:\Users\user\source\repos\ProjectStudent\ProjectStudent\Source10.cpp(73,7): error C2039: 'sem': is not a member of 'Course'
C:\Users\user\source\repos\ProjectStudent\ProjectStudent\Header1.h(33,8): message : see declaration of 'Course'
C:\Users\user\source\repos\ProjectStudent\ProjectStudent\Source10.cpp(73,18): error C2039: 'sem': is not a member of 'Course'
C:\Users\user\source\repos\ProjectStudent\ProjectStudent\Header1.h(33,8): message : see declaration of 'Course'
C:\Users\user\source\repos\ProjectStudent\ProjectStudent\Source10.cpp(74,4): error C2672: 'getline': no matching overloaded function found
C:\Program Files\Microsoft Visual Studio\2022\Community\VC\Tools\MSVC\14.36.32532\include\string(83,32): message : could be 'std::basic_istream<_Elem,_Traits> &std::getline(std::basic_istream<_Elem,_Traits> &,std::basic_string<_Elem,_Traits,_Alloc> &)'
C:\Users\user\source\repos\ProjectStudent\ProjectStudent\Source10.cpp(74,4): message : 'std::basic_istream<_Elem,_Traits> &std::getline(std::basic_istream<_Elem,_Traits> &,std::basic_string<_Elem,_Traits,_Alloc> &)': expects 2 arguments - 1 provided
C:\Program Files\Microsoft Visual Studio\2022\Community\VC\Tools\MSVC\14.36.32532\include\string(76,32): message : or       'std::basic_istream<_Elem,_Traits> &std::getline(std::basic_istream<_Elem,_Traits> &,std::basic_string<_Elem,_Traits,_Alloc> &,const _Elem)'
C:\Users\user\source\repos\ProjectStudent\ProjectStudent\Source10.cpp(74,4): message : 'std::basic_istream<_Elem,_Traits> &std::getline(std::basic_istream<_Elem,_Traits> &,std::basic_string<_Elem,_Traits,_Alloc> &,const _Elem)': expects 3 arguments - 1 provided
C:\Program Files\Microsoft Visual Studio\2022\Community\VC\Tools\MSVC\14.36.32532\include\string(69,32): message : or       'std::basic_istream<_Elem,_Traits> &std::getline(std::basic_istream<_Elem,_Traits> &&,std::basic_string<_Elem,_Traits,_Alloc> &)'
C:\Users\user\source\repos\ProjectStudent\ProjectStudent\Source10.cpp(74,4): message : 'std::basic_istream<_Elem,_Traits> &std::getline(std::basic_istream<_Elem,_Traits> &&,std::basic_string<_Elem,_Traits,_Alloc> &)': expects 2 arguments - 1 provided
C:\Program Files\Microsoft Visual Studio\2022\Community\VC\Tools\MSVC\14.36.32532\include\string(26,32): message : or       'std::basic_istream<_Elem,_Traits> &std::getline(std::basic_istream<_Elem,_Traits> &&,std::basic_string<_Elem,_Traits,_Alloc> &,const _Elem)'
C:\Users\user\source\repos\ProjectStudent\ProjectStudent\Source10.cpp(74,4): message : 'std::basic_istream<_Elem,_Traits> &std::getline(std::basic_istream<_Elem,_Traits> &&,std::basic_string<_Elem,_Traits,_Alloc> &,const _Elem)': expects 3 arguments - 1 provided
C:\Users\user\source\repos\ProjectStudent\ProjectStudent\Source10.cpp(75,4): error C2143: syntax error: missing ';' before '<template-id>'
C:\Users\user\source\repos\ProjectStudent\ProjectStudent\Source10.cpp(76,4): error C3245: 'addLast': use of a variable template requires template argument list
C:\Users\user\source\repos\ProjectStudent\ProjectStudent\Header2.h(67,6): message : see declaration of 'addLast'
C:\Users\user\source\repos\ProjectStudent\ProjectStudent\Source10.cpp(76,12): error C2065: 'systems': undeclared identifier
C:\Users\user\source\repos\ProjectStudent\ProjectStudent\Source10.cpp(76,32): error C2039: 'sem': is not a member of 'Course'
C:\Users\user\source\repos\ProjectStudent\ProjectStudent\Header1.h(33,8): message : see declaration of 'Course'
  Source2.cpp
C:\Users\user\source\repos\ProjectStudent\ProjectStudent\Header2.h(17,13): error C3646: 'year': unknown override specifier
C:\Users\user\source\repos\ProjectStudent\ProjectStudent\Header2.h(17,17): error C4430: missing type specifier - int assumed. Note: C++ does not support default-int
C:\Users\user\source\repos\ProjectStudent\ProjectStudent\Header2.h(21,7): error C2143: syntax error: missing ';' before '<'
C:\Users\user\source\repos\ProjectStudent\ProjectStudent\Header2.h(21,7): error C4430: missing type specifier - int assumed. Note: C++ does not support default-int
C:\Users\user\source\repos\ProjectStudent\ProjectStudent\Header2.h(21,24): error C2238: unexpected token(s) preceding ';'
C:\Users\user\source\repos\ProjectStudent\ProjectStudent\Header2.h(24,17): error C2039: 'year': is not a member of 'Class'
C:\Users\user\source\repos\ProjectStudent\ProjectStudent\Header2.h(15,8): message : see declaration of 'Class'
C:\Users\user\source\repos\ProjectStudent\ProjectStudent\Header2.h(24,38): error C2039: 'year': is not a member of 'Class'
C:\Users\user\source\repos\ProjectStudent\ProjectStudent\Header2.h(15,8): message : see declaration of 'Class'
C:\Users\user\source\repos\ProjectStudent\ProjectStudent\Header2.h(30,10): error C3646: 'student': unknown override specifier
C:\Users\user\source\repos\ProjectStudent\ProjectStudent\Header2.h(30,17): error C4430: missing type specifier - int assumed. Note: C++ does not support default-int
C:\Users\user\source\repos\ProjectStudent\ProjectStudent\Header2.h(31,9): error C2079: 'Scoreboard::course' uses undefined struct 'Course'
C:\Users\user\source\repos\ProjectStudent\ProjectStudent\Header2.h(43,7): error C2143: syntax error: missing ';' before '<'
C:\Users\user\source\repos\ProjectStudent\ProjectStudent\Header2.h(43,7): error C4430: missing type specifier - int assumed. Note: C++ does not support default-int
C:\Users\user\source\repos\ProjectStudent\ProjectStudent\Header2.h(43,23): error C2238: unexpected token(s) preceding ';'
C:\Users\user\source\repos\ProjectStudent\ProjectStudent\Header2.h(60,11): error C3646: 'sem': unknown override specifier
C:\Users\user\source\repos\ProjectStudent\ProjectStudent\Header2.h(60,14): error C4430: missing type specifier - int assumed. Note: C++ does not support default-int
C:\Users\user\source\repos\ProjectStudent\ProjectStudent\Header2.h(61,7): error C2143: syntax error: missing ';' before '<'
C:\Users\user\source\repos\ProjectStudent\ProjectStudent\Header2.h(61,7): error C4430: missing type specifier - int assumed. Note: C++ does not support default-int
C:\Users\user\source\repos\ProjectStudent\ProjectStudent\Header2.h(61,24): error C2238: unexpected token(s) preceding ';'
C:\Users\user\source\repos\ProjectStudent\ProjectStudent\Header2.h(62,7): error C2143: syntax error: missing ';' before '<'
C:\Users\user\source\repos\ProjectStudent\ProjectStudent\Header2.h(62,7): error C4430: missing type specifier - int assumed. Note: C++ does not support default-int
C:\Users\user\source\repos\ProjectStudent\ProjectStudent\Header2.h(62,25): error C2238: unexpected token(s) preceding ';'
C:\Users\user\source\repos\ProjectStudent\ProjectStudent\Header2.h(67,6): error C2182: 'addLast': this use of 'void' is not valid
C:\Users\user\source\repos\ProjectStudent\ProjectStudent\Header2.h(67,14): error C2065: 'LList': undeclared identifier
C:\Users\user\source\repos\ProjectStudent\ProjectStudent\Header2.h(67,23): error C2065: 'l': undeclared identifier
C:\Users\user\source\repos\ProjectStudent\ProjectStudent\Header2.h(67,26): error C2065: 'Node': undeclared identifier
C:\Users\user\source\repos\ProjectStudent\ProjectStudent\Header2.h(67,35): error C2065: 'insert': undeclared identifier
C:\Users\user\source\repos\ProjectStudent\ProjectStudent\Header2.h(67,14): error C3861: 'LList': identifier not found
C:\Users\user\source\repos\ProjectStudent\ProjectStudent\Header2.h(67,23): error C3861: 'l': identifier not found
C:\Users\user\source\repos\ProjectStudent\ProjectStudent\Header2.h(67,26): error C3861: 'Node': identifier not found
C:\Users\user\source\repos\ProjectStudent\ProjectStudent\Header2.h(67,35): error C3861: 'insert': identifier not found
C:\Users\user\source\repos\ProjectStudent\ProjectStudent\Header2.h(69,16): error C2065: 'Node': undeclared identifier
C:\Users\user\source\repos\ProjectStudent\ProjectStudent\Header2.h(69,25): error C2065: 'head': undeclared identifier
C:\Users\user\source\repos\ProjectStudent\ProjectStudent\Header2.h(69,16): error C3861: 'Node': identifier not found
C:\Users\user\source\repos\ProjectStudent\ProjectStudent\Header2.h(69,25): error C3861: 'head': identifier not found
C:\Users\user\source\repos\ProjectStudent\ProjectStudent\Header2.h(71,6): error C2182: 'removeRandomNode': this use of 'void' is not valid
C:\Users\user\source\repos\ProjectStudent\ProjectStudent\Header2.h(71,23): error C2065: 'LList': undeclared identifier
C:\Users\user\source\repos\ProjectStudent\ProjectStudent\Header2.h(71,32): error C2065: 'l': undeclared identifier
C:\Users\user\source\repos\ProjectStudent\ProjectStudent\Header2.h(71,35): error C2275: 'a': expected an expression instead of a type
C:\Users\user\source\repos\ProjectStudent\ProjectStudent\Header2.h(71,37): error C2146: syntax error: missing ')' before identifier 'data'
C:\Users\user\source\repos\ProjectStudent\ProjectStudent\Header2.h(73,5): error C2988: unrecognizable template declaration/definition
C:\Users\user\source\repos\ProjectStudent\ProjectStudent\Header2.h(73,5): error C2143: syntax error: missing ';' before '<'
C:\Users\user\source\repos\ProjectStudent\ProjectStudent\Header2.h(73,5): error C2059: syntax error: '<'
C:\Users\user\source\repos\ProjectStudent\ProjectStudent\Header2.h(84,5): error C2988: unrecognizable template declaration/definition
C:\Users\user\source\repos\ProjectStudent\ProjectStudent\Header2.h(84,5): error C2143: syntax error: missing ';' before '<'
C:\Users\user\source\repos\ProjectStudent\ProjectStudent\Header2.h(84,5): error C2059: syntax error: '<'
C:\Users\user\source\repos\ProjectStudent\ProjectStudent\Header2.h(86,5): error C2988: unrecognizable template declaration/definition
C:\Users\user\source\repos\ProjectStudent\ProjectStudent\Header2.h(86,5): error C2143: syntax error: missing ';' before '<'
C:\Users\user\source\repos\ProjectStudent\ProjectStudent\Header2.h(86,5): error C2059: syntax error: '<'
C:\Users\user\source\repos\ProjectStudent\ProjectStudent\Header1.h(42,3): error C2059: syntax error: 'return'
C:\Users\user\source\repos\ProjectStudent\ProjectStudent\Header1.h(42,96): error C2238: unexpected token(s) preceding ';'
C:\Users\user\source\repos\ProjectStudent\ProjectStudent\Header1.h(44,1): error C2059: syntax error: '}'
C:\Users\user\source\repos\ProjectStudent\ProjectStudent\Header1.h(44,1): error C2143: syntax error: missing ';' before '}'
C:\Users\user\source\repos\ProjectStudent\ProjectStudent\Header1.h(53,3): error C2059: syntax error: 'return'
C:\Users\user\source\repos\ProjectStudent\ProjectStudent\Header1.h(53,102): error C2238: unexpected token(s) preceding ';'
C:\Users\user\source\repos\ProjectStudent\ProjectStudent\Header1.h(55,1): error C2059: syntax error: '}'
C:\Users\user\source\repos\ProjectStudent\ProjectStudent\Header1.h(55,1): error C2143: syntax error: missing ';' before '}'
C:\Users\user\source\repos\ProjectStudent\ProjectStudent\Header1.h(66,3): error C2059: syntax error: 'return'
C:\Users\user\source\repos\ProjectStudent\ProjectStudent\Header1.h(66,160): error C2238: unexpected token(s) preceding ';'
C:\Users\user\source\repos\ProjectStudent\ProjectStudent\Header1.h(68,1): error C2059: syntax error: '}'
C:\Users\user\source\repos\ProjectStudent\ProjectStudent\Header1.h(68,1): error C2143: syntax error: missing ';' before '}'
C:\Users\user\source\repos\ProjectStudent\ProjectStudent\Source4.cpp(5,6): error C2365: 'addLast': redefinition; previous definition was 'data variable'
C:\Users\user\source\repos\ProjectStudent\ProjectStudent\Header2.h(67,6): message : see declaration of 'addLast'
C:\Users\user\source\repos\ProjectStudent\ProjectStudent\Source4.cpp(17,5): error C2365: 'countNodes': redefinition; previous definition was 'data variable'
C:\Users\user\source\repos\ProjectStudent\ProjectStudent\Header2.h(69,5): message : see declaration of 'countNodes'
C:\Users\user\source\repos\ProjectStudent\ProjectStudent\Source4.cpp(26,6): error C2365: 'removeRandomNode': redefinition; previous definition was 'data variable'
C:\Users\user\source\repos\ProjectStudent\ProjectStudent\Header2.h(71,6): message : see declaration of 'removeRandomNode'
C:\Users\user\source\repos\ProjectStudent\ProjectStudent\Source2.cpp(75,8): error C2039: 'year': is not a member of 'Class'
C:\Users\user\source\repos\ProjectStudent\ProjectStudent\Header1.h(31,8): message : see declaration of 'Class'
C:\Users\user\source\repos\ProjectStudent\ProjectStudent\Source2.cpp(79,3): error C3245: 'addLast': use of a variable template requires template argument list
C:\Users\user\source\repos\ProjectStudent\ProjectStudent\Header2.h(67,6): message : see declaration of 'addLast'
C:\Users\user\source\repos\ProjectStudent\ProjectStudent\Source2.cpp(79,11): error C2065: 'systems': undeclared identifier
C:\Users\user\source\repos\ProjectStudent\ProjectStudent\Source2.cpp(115,4): error C2039: 'year': is not a member of 'Class'
C:\Users\user\source\repos\ProjectStudent\ProjectStudent\Header1.h(31,8): message : see declaration of 'Class'
C:\Users\user\source\repos\ProjectStudent\ProjectStudent\Source2.cpp(152,6): error C2039: 'year': is not a member of 'Class'
C:\Users\user\source\repos\ProjectStudent\ProjectStudent\Header1.h(31,8): message : see declaration of 'Class'
C:\Users\user\source\repos\ProjectStudent\ProjectStudent\Source2.cpp(160,7): error C3861: 'countLinesInCSV': identifier not found
C:\Users\user\source\repos\ProjectStudent\ProjectStudent\Source2.cpp(178,4): error C3245: 'addLast': use of a variable template requires template argument list
C:\Users\user\source\repos\ProjectStudent\ProjectStudent\Header2.h(67,6): message : see declaration of 'addLast'
C:\Users\user\source\repos\ProjectStudent\ProjectStudent\Source2.cpp(178,16): error C2039: 'stuList': is not a member of 'Class'
C:\Users\user\source\repos\ProjectStudent\ProjectStudent\Header1.h(31,8): message : see declaration of 'Class'
  Source3.cpp
C:\Users\user\source\repos\ProjectStudent\ProjectStudent\Header2.h(17,13): error C3646: 'year': unknown override specifier
C:\Users\user\source\repos\ProjectStudent\ProjectStudent\Header2.h(17,17): error C4430: missing type specifier - int assumed. Note: C++ does not support default-int
C:\Users\user\source\repos\ProjectStudent\ProjectStudent\Header2.h(21,7): error C2143: syntax error: missing ';' before '<'
C:\Users\user\source\repos\ProjectStudent\ProjectStudent\Header2.h(21,7): error C4430: missing type specifier - int assumed. Note: C++ does not support default-int
C:\Users\user\source\repos\ProjectStudent\ProjectStudent\Header2.h(21,24): error C2238: unexpected token(s) preceding ';'
C:\Users\user\source\repos\ProjectStudent\ProjectStudent\Header2.h(24,17): error C2039: 'year': is not a member of 'Class'
C:\Users\user\source\repos\ProjectStudent\ProjectStudent\Header2.h(15,8): message : see declaration of 'Class'
C:\Users\user\source\repos\ProjectStudent\ProjectStudent\Header2.h(24,38): error C2039: 'year': is not a member of 'Class'
C:\Users\user\source\repos\ProjectStudent\ProjectStudent\Header2.h(15,8): message : see declaration of 'Class'
C:\Users\user\source\repos\ProjectStudent\ProjectStudent\Header2.h(30,10): error C3646: 'student': unknown override specifier
C:\Users\user\source\repos\ProjectStudent\ProjectStudent\Header2.h(30,17): error C4430: missing type specifier - int assumed. Note: C++ does not support default-int
C:\Users\user\source\repos\ProjectStudent\ProjectStudent\Header2.h(31,9): error C2079: 'Scoreboard::course' uses undefined struct 'Course'
C:\Users\user\source\repos\ProjectStudent\ProjectStudent\Header2.h(43,7): error C2143: syntax error: missing ';' before '<'
C:\Users\user\source\repos\ProjectStudent\ProjectStudent\Header2.h(43,7): error C4430: missing type specifier - int assumed. Note: C++ does not support default-int
C:\Users\user\source\repos\ProjectStudent\ProjectStudent\Header2.h(43,23): error C2238: unexpected token(s) preceding ';'
C:\Users\user\source\repos\ProjectStudent\ProjectStudent\Header2.h(60,11): error C3646: 'sem': unknown override specifier
C:\Users\user\source\repos\ProjectStudent\ProjectStudent\Header2.h(60,14): error C4430: missing type specifier - int assumed. Note: C++ does not support default-int
C:\Users\user\source\repos\ProjectStudent\ProjectStudent\Header2.h(61,7): error C2143: syntax error: missing ';' before '<'
C:\Users\user\source\repos\ProjectStudent\ProjectStudent\Header2.h(61,7): error C4430: missing type specifier - int assumed. Note: C++ does not support default-int
C:\Users\user\source\repos\ProjectStudent\ProjectStudent\Header2.h(61,24): error C2238: unexpected token(s) preceding ';'
C:\Users\user\source\repos\ProjectStudent\ProjectStudent\Header2.h(62,7): error C2143: syntax error: missing ';' before '<'
C:\Users\user\source\repos\ProjectStudent\ProjectStudent\Header2.h(62,7): error C4430: missing type specifier - int assumed. Note: C++ does not support default-int
C:\Users\user\source\repos\ProjectStudent\ProjectStudent\Header2.h(62,25): error C2238: unexpected token(s) preceding ';'
C:\Users\user\source\repos\ProjectStudent\ProjectStudent\Header2.h(67,6): error C2182: 'addLast': this use of 'void' is not valid
C:\Users\user\source\repos\ProjectStudent\ProjectStudent\Header2.h(67,14): error C2065: 'LList': undeclared identifier
C:\Users\user\source\repos\ProjectStudent\ProjectStudent\Header2.h(67,23): error C2065: 'l': undeclared identifier
C:\Users\user\source\repos\ProjectStudent\ProjectStudent\Header2.h(67,26): error C2065: 'Node': undeclared identifier
C:\Users\user\source\repos\ProjectStudent\ProjectStudent\Header2.h(67,35): error C2065: 'insert': undeclared identifier
C:\Users\user\source\repos\ProjectStudent\ProjectStudent\Header2.h(67,14): error C3861: 'LList': identifier not found
C:\Users\user\source\repos\ProjectStudent\ProjectStudent\Header2.h(67,23): error C3861: 'l': identifier not found
C:\Users\user\source\repos\ProjectStudent\ProjectStudent\Header2.h(67,26): error C3861: 'Node': identifier not found
C:\Users\user\source\repos\ProjectStudent\ProjectStudent\Header2.h(67,35): error C3861: 'insert': identifier not found
C:\Users\user\source\repos\ProjectStudent\ProjectStudent\Header2.h(69,16): error C2065: 'Node': undeclared identifier
C:\Users\user\source\repos\ProjectStudent\ProjectStudent\Header2.h(69,25): error C2065: 'head': undeclared identifier
C:\Users\user\source\repos\ProjectStudent\ProjectStudent\Header2.h(69,16): error C3861: 'Node': identifier not found
C:\Users\user\source\repos\ProjectStudent\ProjectStudent\Header2.h(69,25): error C3861: 'head': identifier not found
C:\Users\user\source\repos\ProjectStudent\ProjectStudent\Header2.h(71,6): error C2182: 'removeRandomNode': this use of 'void' is not valid
C:\Users\user\source\repos\ProjectStudent\ProjectStudent\Header2.h(71,23): error C2065: 'LList': undeclared identifier
C:\Users\user\source\repos\ProjectStudent\ProjectStudent\Header2.h(71,32): error C2065: 'l': undeclared identifier
C:\Users\user\source\repos\ProjectStudent\ProjectStudent\Header2.h(71,35): error C2275: 'a': expected an expression instead of a type
C:\Users\user\source\repos\ProjectStudent\ProjectStudent\Header2.h(71,37): error C2146: syntax error: missing ')' before identifier 'data'
C:\Users\user\source\repos\ProjectStudent\ProjectStudent\Header2.h(73,5): error C2988: unrecognizable template declaration/definition
C:\Users\user\source\repos\ProjectStudent\ProjectStudent\Header2.h(73,5): error C2143: syntax error: missing ';' before '<'
C:\Users\user\source\repos\ProjectStudent\ProjectStudent\Header2.h(73,5): error C2059: syntax error: '<'
C:\Users\user\source\repos\ProjectStudent\ProjectStudent\Header2.h(84,5): error C2988: unrecognizable template declaration/definition
C:\Users\user\source\repos\ProjectStudent\ProjectStudent\Header2.h(84,5): error C2143: syntax error: missing ';' before '<'
C:\Users\user\source\repos\ProjectStudent\ProjectStudent\Header2.h(84,5): error C2059: syntax error: '<'
C:\Users\user\source\repos\ProjectStudent\ProjectStudent\Header2.h(86,5): error C2988: unrecognizable template declaration/definition
C:\Users\user\source\repos\ProjectStudent\ProjectStudent\Header2.h(86,5): error C2143: syntax error: missing ';' before '<'
C:\Users\user\source\repos\ProjectStudent\ProjectStudent\Header2.h(86,5): error C2059: syntax error: '<'
C:\Users\user\source\repos\ProjectStudent\ProjectStudent\Header1.h(42,3): error C2059: syntax error: 'return'
C:\Users\user\source\repos\ProjectStudent\ProjectStudent\Header1.h(42,96): error C2238: unexpected token(s) preceding ';'
C:\Users\user\source\repos\ProjectStudent\ProjectStudent\Header1.h(44,1): error C2059: syntax error: '}'
C:\Users\user\source\repos\ProjectStudent\ProjectStudent\Header1.h(44,1): error C2143: syntax error: missing ';' before '}'
C:\Users\user\source\repos\ProjectStudent\ProjectStudent\Header1.h(53,3): error C2059: syntax error: 'return'
C:\Users\user\source\repos\ProjectStudent\ProjectStudent\Header1.h(53,102): error C2238: unexpected token(s) preceding ';'
C:\Users\user\source\repos\ProjectStudent\ProjectStudent\Header1.h(55,1): error C2059: syntax error: '}'
C:\Users\user\source\repos\ProjectStudent\ProjectStudent\Header1.h(55,1): error C2143: syntax error: missing ';' before '}'
C:\Users\user\source\repos\ProjectStudent\ProjectStudent\Header1.h(66,3): error C2059: syntax error: 'return'
C:\Users\user\source\repos\ProjectStudent\ProjectStudent\Header1.h(66,160): error C2238: unexpected token(s) preceding ';'
C:\Users\user\source\repos\ProjectStudent\ProjectStudent\Header1.h(68,1): error C2059: syntax error: '}'
C:\Users\user\source\repos\ProjectStudent\ProjectStudent\Header1.h(68,1): error C2143: syntax error: missing ';' before '}'
C:\Users\user\source\repos\ProjectStudent\ProjectStudent\Source4.cpp(5,6): error C2365: 'addLast': redefinition; previous definition was 'data variable'
C:\Users\user\source\repos\ProjectStudent\ProjectStudent\Header2.h(67,6): message : see declaration of 'addLast'
C:\Users\user\source\repos\ProjectStudent\ProjectStudent\Source4.cpp(17,5): error C2365: 'countNodes': redefinition; previous definition was 'data variable'
C:\Users\user\source\repos\ProjectStudent\ProjectStudent\Header2.h(69,5): message : see declaration of 'countNodes'
C:\Users\user\source\repos\ProjectStudent\ProjectStudent\Source4.cpp(26,6): error C2365: 'removeRandomNode': redefinition; previous definition was 'data variable'
C:\Users\user\source\repos\ProjectStudent\ProjectStudent\Header2.h(71,6): message : see declaration of 'removeRandomNode'
C:\Users\user\source\repos\ProjectStudent\ProjectStudent\Source3.cpp(8,2): error C3861: 'getYears': identifier not found
C:\Users\user\source\repos\ProjectStudent\ProjectStudent\Source3.cpp(9,7): error C3861: 'createSchoolYear': identifier not found
C:\Users\user\source\repos\ProjectStudent\ProjectStudent\Source3.cpp(12,7): error C3861: 'getNS': identifier not found
C:\Users\user\source\repos\ProjectStudent\ProjectStudent\Source3.cpp(14,7): error C3861: 'getNS': identifier not found
C:\Users\user\source\repos\ProjectStudent\ProjectStudent\Source3.cpp(43,20): error C2065: 'systems': undeclared identifier
C:\Users\user\source\repos\ProjectStudent\ProjectStudent\Source3.cpp(50,21): error C2065: 'systems': undeclared identifier
C:\Users\user\source\repos\ProjectStudent\ProjectStudent\Source3.cpp(58,74): error C3861: 'createClass': identifier not found
C:\Users\user\source\repos\ProjectStudent\ProjectStudent\Source3.cpp(71,2): error C3245: 'addLast': use of a variable template requires template argument list
C:\Users\user\source\repos\ProjectStudent\ProjectStudent\Header2.h(67,6): message : see declaration of 'addLast'
C:\Users\user\source\repos\ProjectStudent\ProjectStudent\Source3.cpp(71,10): error C2065: 'systems': undeclared identifier
C:\Users\user\source\repos\ProjectStudent\ProjectStudent\Source3.cpp(81,64): error C2039: 'sem': is not a member of 'Course'
C:\Users\user\source\repos\ProjectStudent\ProjectStudent\Header1.h(33,8): message : see declaration of 'Course'
C:\Users\user\source\repos\ProjectStudent\ProjectStudent\Source3.cpp(87,25): error C2065: 'systems': undeclared identifier
C:\Users\user\source\repos\ProjectStudent\ProjectStudent\Source3.cpp(100,20): error C2065: 'systems': undeclared identifier
C:\Users\user\source\repos\ProjectStudent\ProjectStudent\Source3.cpp(104,16): error C3861: 'createClass': identifier not found
C:\Users\user\source\repos\ProjectStudent\ProjectStudent\Source3.cpp(110,12): warning C4267: 'initializing': conversion from 'size_t' to 'int', possible loss of data
C:\Users\user\source\repos\ProjectStudent\ProjectStudent\Source3.cpp(129,12): error C3861: 'getNS': identifier not found
C:\Users\user\source\repos\ProjectStudent\ProjectStudent\Source3.cpp(135,10): error C3245: 'countNodes': use of a variable template requires template argument list
C:\Users\user\source\repos\ProjectStudent\ProjectStudent\Header2.h(69,5): message : see declaration of 'countNodes'
C:\Users\user\source\repos\ProjectStudent\ProjectStudent\Source3.cpp(135,23): error C2039: 'stuList': is not a member of 'Course'
C:\Users\user\source\repos\ProjectStudent\ProjectStudent\Header1.h(33,8): message : see declaration of 'Course'
C:\Users\user\source\repos\ProjectStudent\ProjectStudent\Source3.cpp(137,2): error C3245: 'addLast': use of a variable template requires template argument list
C:\Users\user\source\repos\ProjectStudent\ProjectStudent\Header2.h(67,6): message : see declaration of 'addLast'
C:\Users\user\source\repos\ProjectStudent\ProjectStudent\Source3.cpp(137,12): error C2039: 'stuList': is not a member of 'Course'
C:\Users\user\source\repos\ProjectStudent\ProjectStudent\Header1.h(33,8): message : see declaration of 'Course'
C:\Users\user\source\repos\ProjectStudent\ProjectStudent\Source3.cpp(143,21): error C2039: 'stuList': is not a member of 'Course'
C:\Users\user\source\repos\ProjectStudent\ProjectStudent\Header1.h(33,8): message : see declaration of 'Course'
C:\Users\user\source\repos\ProjectStudent\ProjectStudent\Source3.cpp(143,2): error C2064: term does not evaluate to a function taking 2 arguments
C:\Users\user\source\repos\ProjectStudent\ProjectStudent\Source3.cpp(148,19): error C2065: 'systems': undeclared identifier
C:\Users\user\source\repos\ProjectStudent\ProjectStudent\Source3.cpp(148,2): error C2064: term does not evaluate to a function taking 2 arguments
C:\Users\user\source\repos\ProjectStudent\ProjectStudent\Source3.cpp(149,1): error C2143: syntax error: missing ';' before '}'
  Source4.cpp
C:\Users\user\source\repos\ProjectStudent\ProjectStudent\Header2.h(17,13): error C3646: 'year': unknown override specifier
C:\Users\user\source\repos\ProjectStudent\ProjectStudent\Header2.h(17,17): error C4430: missing type specifier - int assumed. Note: C++ does not support default-int
C:\Users\user\source\repos\ProjectStudent\ProjectStudent\Header2.h(21,7): error C2143: syntax error: missing ';' before '<'
C:\Users\user\source\repos\ProjectStudent\ProjectStudent\Header2.h(21,7): error C4430: missing type specifier - int assumed. Note: C++ does not support default-int
C:\Users\user\source\repos\ProjectStudent\ProjectStudent\Header2.h(21,24): error C2238: unexpected token(s) preceding ';'
C:\Users\user\source\repos\ProjectStudent\ProjectStudent\Header2.h(24,17): error C2039: 'year': is not a member of 'Class'
C:\Users\user\source\repos\ProjectStudent\ProjectStudent\Header2.h(15,8): message : see declaration of 'Class'
C:\Users\user\source\repos\ProjectStudent\ProjectStudent\Header2.h(24,38): error C2039: 'year': is not a member of 'Class'
C:\Users\user\source\repos\ProjectStudent\ProjectStudent\Header2.h(15,8): message : see declaration of 'Class'
C:\Users\user\source\repos\ProjectStudent\ProjectStudent\Header2.h(30,10): error C3646: 'student': unknown override specifier
C:\Users\user\source\repos\ProjectStudent\ProjectStudent\Header2.h(30,17): error C4430: missing type specifier - int assumed. Note: C++ does not support default-int
C:\Users\user\source\repos\ProjectStudent\ProjectStudent\Header2.h(31,9): error C2079: 'Scoreboard::course' uses undefined struct 'Course'
C:\Users\user\source\repos\ProjectStudent\ProjectStudent\Header2.h(43,7): error C2143: syntax error: missing ';' before '<'
C:\Users\user\source\repos\ProjectStudent\ProjectStudent\Header2.h(43,7): error C4430: missing type specifier - int assumed. Note: C++ does not support default-int
C:\Users\user\source\repos\ProjectStudent\ProjectStudent\Header2.h(43,23): error C2238: unexpected token(s) preceding ';'
C:\Users\user\source\repos\ProjectStudent\ProjectStudent\Header2.h(60,11): error C3646: 'sem': unknown override specifier
C:\Users\user\source\repos\ProjectStudent\ProjectStudent\Header2.h(60,14): error C4430: missing type specifier - int assumed. Note: C++ does not support default-int
C:\Users\user\source\repos\ProjectStudent\ProjectStudent\Header2.h(61,7): error C2143: syntax error: missing ';' before '<'
C:\Users\user\source\repos\ProjectStudent\ProjectStudent\Header2.h(61,7): error C4430: missing type specifier - int assumed. Note: C++ does not support default-int
C:\Users\user\source\repos\ProjectStudent\ProjectStudent\Header2.h(61,24): error C2238: unexpected token(s) preceding ';'
C:\Users\user\source\repos\ProjectStudent\ProjectStudent\Header2.h(62,7): error C2143: syntax error: missing ';' before '<'
C:\Users\user\source\repos\ProjectStudent\ProjectStudent\Header2.h(62,7): error C4430: missing type specifier - int assumed. Note: C++ does not support default-int
C:\Users\user\source\repos\ProjectStudent\ProjectStudent\Header2.h(62,25): error C2238: unexpected token(s) preceding ';'
C:\Users\user\source\repos\ProjectStudent\ProjectStudent\Header2.h(67,6): error C2182: 'addLast': this use of 'void' is not valid
C:\Users\user\source\repos\ProjectStudent\ProjectStudent\Header2.h(67,14): error C2065: 'LList': undeclared identifier
C:\Users\user\source\repos\ProjectStudent\ProjectStudent\Header2.h(67,23): error C2065: 'l': undeclared identifier
C:\Users\user\source\repos\ProjectStudent\ProjectStudent\Header2.h(67,26): error C2065: 'Node': undeclared identifier
C:\Users\user\source\repos\ProjectStudent\ProjectStudent\Header2.h(67,35): error C2065: 'insert': undeclared identifier
C:\Users\user\source\repos\ProjectStudent\ProjectStudent\Header2.h(67,14): error C3861: 'LList': identifier not found
C:\Users\user\source\repos\ProjectStudent\ProjectStudent\Header2.h(67,23): error C3861: 'l': identifier not found
C:\Users\user\source\repos\ProjectStudent\ProjectStudent\Header2.h(67,26): error C3861: 'Node': identifier not found
C:\Users\user\source\repos\ProjectStudent\ProjectStudent\Header2.h(67,35): error C3861: 'insert': identifier not found
C:\Users\user\source\repos\ProjectStudent\ProjectStudent\Header2.h(69,16): error C2065: 'Node': undeclared identifier
C:\Users\user\source\repos\ProjectStudent\ProjectStudent\Header2.h(69,25): error C2065: 'head': undeclared identifier
C:\Users\user\source\repos\ProjectStudent\ProjectStudent\Header2.h(69,16): error C3861: 'Node': identifier not found
C:\Users\user\source\repos\ProjectStudent\ProjectStudent\Header2.h(69,25): error C3861: 'head': identifier not found
C:\Users\user\source\repos\ProjectStudent\ProjectStudent\Header2.h(71,6): error C2182: 'removeRandomNode': this use of 'void' is not valid
C:\Users\user\source\repos\ProjectStudent\ProjectStudent\Header2.h(71,23): error C2065: 'LList': undeclared identifier
C:\Users\user\source\repos\ProjectStudent\ProjectStudent\Header2.h(71,32): error C2065: 'l': undeclared identifier
C:\Users\user\source\repos\ProjectStudent\ProjectStudent\Header2.h(71,35): error C2275: 'a': expected an expression instead of a type
C:\Users\user\source\repos\ProjectStudent\ProjectStudent\Header2.h(71,37): error C2146: syntax error: missing ')' before identifier 'data'
C:\Users\user\source\repos\ProjectStudent\ProjectStudent\Header2.h(73,5): error C2988: unrecognizable template declaration/definition
C:\Users\user\source\repos\ProjectStudent\ProjectStudent\Header2.h(73,5): error C2143: syntax error: missing ';' before '<'
C:\Users\user\source\repos\ProjectStudent\ProjectStudent\Header2.h(73,5): error C2059: syntax error: '<'
C:\Users\user\source\repos\ProjectStudent\ProjectStudent\Header2.h(84,5): error C2988: unrecognizable template declaration/definition
C:\Users\user\source\repos\ProjectStudent\ProjectStudent\Header2.h(84,5): error C2143: syntax error: missing ';' before '<'
C:\Users\user\source\repos\ProjectStudent\ProjectStudent\Header2.h(84,5): error C2059: syntax error: '<'
C:\Users\user\source\repos\ProjectStudent\ProjectStudent\Header2.h(86,5): error C2988: unrecognizable template declaration/definition
C:\Users\user\source\repos\ProjectStudent\ProjectStudent\Header2.h(86,5): error C2143: syntax error: missing ';' before '<'
C:\Users\user\source\repos\ProjectStudent\ProjectStudent\Header2.h(86,5): error C2059: syntax error: '<'
C:\Users\user\source\repos\ProjectStudent\ProjectStudent\Header1.h(42,3): error C2059: syntax error: 'return'
C:\Users\user\source\repos\ProjectStudent\ProjectStudent\Header1.h(42,96): error C2238: unexpected token(s) preceding ';'
C:\Users\user\source\repos\ProjectStudent\ProjectStudent\Header1.h(44,1): error C2059: syntax error: '}'
C:\Users\user\source\repos\ProjectStudent\ProjectStudent\Header1.h(44,1): error C2143: syntax error: missing ';' before '}'
C:\Users\user\source\repos\ProjectStudent\ProjectStudent\Header1.h(53,3): error C2059: syntax error: 'return'
C:\Users\user\source\repos\ProjectStudent\ProjectStudent\Header1.h(53,102): error C2238: unexpected token(s) preceding ';'
C:\Users\user\source\repos\ProjectStudent\ProjectStudent\Header1.h(55,1): error C2059: syntax error: '}'
C:\Users\user\source\repos\ProjectStudent\ProjectStudent\Header1.h(55,1): error C2143: syntax error: missing ';' before '}'
C:\Users\user\source\repos\ProjectStudent\ProjectStudent\Header1.h(66,3): error C2059: syntax error: 'return'
C:\Users\user\source\repos\ProjectStudent\ProjectStudent\Header1.h(66,160): error C2238: unexpected token(s) preceding ';'
C:\Users\user\source\repos\ProjectStudent\ProjectStudent\Header1.h(68,1): error C2059: syntax error: '}'
C:\Users\user\source\repos\ProjectStudent\ProjectStudent\Header1.h(68,1): error C2143: syntax error: missing ';' before '}'
C:\Users\user\source\repos\ProjectStudent\ProjectStudent\Source4.cpp(5,6): error C2365: 'addLast': redefinition; previous definition was 'data variable'
C:\Users\user\source\repos\ProjectStudent\ProjectStudent\Header2.h(67,6): message : see declaration of 'addLast'
C:\Users\user\source\repos\ProjectStudent\ProjectStudent\Source4.cpp(17,5): error C2365: 'countNodes': redefinition; previous definition was 'data variable'
C:\Users\user\source\repos\ProjectStudent\ProjectStudent\Header2.h(69,5): message : see declaration of 'countNodes'
C:\Users\user\source\repos\ProjectStudent\ProjectStudent\Source4.cpp(26,6): error C2365: 'removeRandomNode': redefinition; previous definition was 'data variable'
C:\Users\user\source\repos\ProjectStudent\ProjectStudent\Header2.h(71,6): message : see declaration of 'removeRandomNode'
C:\Users\user\source\repos\ProjectStudent\ProjectStudent\Source4.cpp(5,6): error C2365: 'addLast': redefinition; previous definition was 'data variable'
C:\Users\user\source\repos\ProjectStudent\ProjectStudent\Header2.h(67,6): message : see declaration of 'addLast'
C:\Users\user\source\repos\ProjectStudent\ProjectStudent\Source4.cpp(17,5): error C2365: 'countNodes': redefinition; previous definition was 'data variable'
C:\Users\user\source\repos\ProjectStudent\ProjectStudent\Header2.h(69,5): message : see declaration of 'countNodes'
C:\Users\user\source\repos\ProjectStudent\ProjectStudent\Source4.cpp(26,6): error C2365: 'removeRandomNode': redefinition; previous definition was 'data variable'
C:\Users\user\source\repos\ProjectStudent\ProjectStudent\Header2.h(71,6): message : see declaration of 'removeRandomNode'
C:\Users\user\source\repos\ProjectStudent\ProjectStudent\Source4.cpp(39,10): error C2995: 'Node<a> *findNode(LList<T>,a)': function template has already been defined
C:\Users\user\source\repos\ProjectStudent\ProjectStudent\Source4.cpp(39,10): message : see declaration of 'findNode'
C:\Users\user\source\repos\ProjectStudent\ProjectStudent\Source4.cpp(49,10): error C2995: 'Node<a> *findNode(LList<T>,int)': function template has already been defined
C:\Users\user\source\repos\ProjectStudent\ProjectStudent\Source4.cpp(49,10): message : see declaration of 'findNode'
  Source5.cpp
C:\Users\user\source\repos\ProjectStudent\ProjectStudent\Header2.h(17,13): error C3646: 'year': unknown override specifier
C:\Users\user\source\repos\ProjectStudent\ProjectStudent\Header2.h(17,17): error C4430: missing type specifier - int assumed. Note: C++ does not support default-int
C:\Users\user\source\repos\ProjectStudent\ProjectStudent\Header2.h(21,7): error C2143: syntax error: missing ';' before '<'
C:\Users\user\source\repos\ProjectStudent\ProjectStudent\Header2.h(21,7): error C4430: missing type specifier - int assumed. Note: C++ does not support default-int
C:\Users\user\source\repos\ProjectStudent\ProjectStudent\Header2.h(21,24): error C2238: unexpected token(s) preceding ';'
C:\Users\user\source\repos\ProjectStudent\ProjectStudent\Header2.h(24,17): error C2039: 'year': is not a member of 'Class'
C:\Users\user\source\repos\ProjectStudent\ProjectStudent\Header2.h(15,8): message : see declaration of 'Class'
C:\Users\user\source\repos\ProjectStudent\ProjectStudent\Header2.h(24,38): error C2039: 'year': is not a member of 'Class'
C:\Users\user\source\repos\ProjectStudent\ProjectStudent\Header2.h(15,8): message : see declaration of 'Class'
C:\Users\user\source\repos\ProjectStudent\ProjectStudent\Header2.h(30,10): error C3646: 'student': unknown override specifier
C:\Users\user\source\repos\ProjectStudent\ProjectStudent\Header2.h(30,17): error C4430: missing type specifier - int assumed. Note: C++ does not support default-int
C:\Users\user\source\repos\ProjectStudent\ProjectStudent\Header2.h(31,9): error C2079: 'Scoreboard::course' uses undefined struct 'Course'
C:\Users\user\source\repos\ProjectStudent\ProjectStudent\Header2.h(43,7): error C2143: syntax error: missing ';' before '<'
C:\Users\user\source\repos\ProjectStudent\ProjectStudent\Header2.h(43,7): error C4430: missing type specifier - int assumed. Note: C++ does not support default-int
C:\Users\user\source\repos\ProjectStudent\ProjectStudent\Header2.h(43,23): error C2238: unexpected token(s) preceding ';'
C:\Users\user\source\repos\ProjectStudent\ProjectStudent\Header2.h(60,11): error C3646: 'sem': unknown override specifier
C:\Users\user\source\repos\ProjectStudent\ProjectStudent\Header2.h(60,14): error C4430: missing type specifier - int assumed. Note: C++ does not support default-int
C:\Users\user\source\repos\ProjectStudent\ProjectStudent\Header2.h(61,7): error C2143: syntax error: missing ';' before '<'
C:\Users\user\source\repos\ProjectStudent\ProjectStudent\Header2.h(61,7): error C4430: missing type specifier - int assumed. Note: C++ does not support default-int
C:\Users\user\source\repos\ProjectStudent\ProjectStudent\Header2.h(61,24): error C2238: unexpected token(s) preceding ';'
C:\Users\user\source\repos\ProjectStudent\ProjectStudent\Header2.h(62,7): error C2143: syntax error: missing ';' before '<'
C:\Users\user\source\repos\ProjectStudent\ProjectStudent\Header2.h(62,7): error C4430: missing type specifier - int assumed. Note: C++ does not support default-int
C:\Users\user\source\repos\ProjectStudent\ProjectStudent\Header2.h(62,25): error C2238: unexpected token(s) preceding ';'
C:\Users\user\source\repos\ProjectStudent\ProjectStudent\Header2.h(67,6): error C2182: 'addLast': this use of 'void' is not valid
C:\Users\user\source\repos\ProjectStudent\ProjectStudent\Header2.h(67,14): error C2065: 'LList': undeclared identifier
C:\Users\user\source\repos\ProjectStudent\ProjectStudent\Header2.h(67,23): error C2065: 'l': undeclared identifier
C:\Users\user\source\repos\ProjectStudent\ProjectStudent\Header2.h(67,26): error C2065: 'Node': undeclared identifier
C:\Users\user\source\repos\ProjectStudent\ProjectStudent\Header2.h(67,35): error C2065: 'insert': undeclared identifier
C:\Users\user\source\repos\ProjectStudent\ProjectStudent\Header2.h(67,14): error C3861: 'LList': identifier not found
C:\Users\user\source\repos\ProjectStudent\ProjectStudent\Header2.h(67,23): error C3861: 'l': identifier not found
C:\Users\user\source\repos\ProjectStudent\ProjectStudent\Header2.h(67,26): error C3861: 'Node': identifier not found
C:\Users\user\source\repos\ProjectStudent\ProjectStudent\Header2.h(67,35): error C3861: 'insert': identifier not found
C:\Users\user\source\repos\ProjectStudent\ProjectStudent\Header2.h(69,16): error C2065: 'Node': undeclared identifier
C:\Users\user\source\repos\ProjectStudent\ProjectStudent\Header2.h(69,25): error C2065: 'head': undeclared identifier
C:\Users\user\source\repos\ProjectStudent\ProjectStudent\Header2.h(69,16): error C3861: 'Node': identifier not found
C:\Users\user\source\repos\ProjectStudent\ProjectStudent\Header2.h(69,25): error C3861: 'head': identifier not found
C:\Users\user\source\repos\ProjectStudent\ProjectStudent\Header2.h(71,6): error C2182: 'removeRandomNode': this use of 'void' is not valid
C:\Users\user\source\repos\ProjectStudent\ProjectStudent\Header2.h(71,23): error C2065: 'LList': undeclared identifier
C:\Users\user\source\repos\ProjectStudent\ProjectStudent\Header2.h(71,32): error C2065: 'l': undeclared identifier
C:\Users\user\source\repos\ProjectStudent\ProjectStudent\Header2.h(71,35): error C2275: 'a': expected an expression instead of a type
C:\Users\user\source\repos\ProjectStudent\ProjectStudent\Header2.h(71,37): error C2146: syntax error: missing ')' before identifier 'data'
C:\Users\user\source\repos\ProjectStudent\ProjectStudent\Header2.h(73,5): error C2988: unrecognizable template declaration/definition
C:\Users\user\source\repos\ProjectStudent\ProjectStudent\Header2.h(73,5): error C2143: syntax error: missing ';' before '<'
C:\Users\user\source\repos\ProjectStudent\ProjectStudent\Header2.h(73,5): error C2059: syntax error: '<'
C:\Users\user\source\repos\ProjectStudent\ProjectStudent\Header2.h(84,5): error C2988: unrecognizable template declaration/definition
C:\Users\user\source\repos\ProjectStudent\ProjectStudent\Header2.h(84,5): error C2143: syntax error: missing ';' before '<'
C:\Users\user\source\repos\ProjectStudent\ProjectStudent\Header2.h(84,5): error C2059: syntax error: '<'
C:\Users\user\source\repos\ProjectStudent\ProjectStudent\Header2.h(86,5): error C2988: unrecognizable template declaration/definition
C:\Users\user\source\repos\ProjectStudent\ProjectStudent\Header2.h(86,5): error C2143: syntax error: missing ';' before '<'
C:\Users\user\source\repos\ProjectStudent\ProjectStudent\Header2.h(86,5): error C2059: syntax error: '<'
C:\Users\user\source\repos\ProjectStudent\ProjectStudent\Header1.h(42,3): error C2059: syntax error: 'return'
C:\Users\user\source\repos\ProjectStudent\ProjectStudent\Header1.h(42,96): error C2238: unexpected token(s) preceding ';'
C:\Users\user\source\repos\ProjectStudent\ProjectStudent\Header1.h(44,1): error C2059: syntax error: '}'
C:\Users\user\source\repos\ProjectStudent\ProjectStudent\Header1.h(44,1): error C2143: syntax error: missing ';' before '}'
C:\Users\user\source\repos\ProjectStudent\ProjectStudent\Header1.h(53,3): error C2059: syntax error: 'return'
C:\Users\user\source\repos\ProjectStudent\ProjectStudent\Header1.h(53,102): error C2238: unexpected token(s) preceding ';'
C:\Users\user\source\repos\ProjectStudent\ProjectStudent\Header1.h(55,1): error C2059: syntax error: '}'
C:\Users\user\source\repos\ProjectStudent\ProjectStudent\Header1.h(55,1): error C2143: syntax error: missing ';' before '}'
C:\Users\user\source\repos\ProjectStudent\ProjectStudent\Header1.h(66,3): error C2059: syntax error: 'return'
C:\Users\user\source\repos\ProjectStudent\ProjectStudent\Header1.h(66,160): error C2238: unexpected token(s) preceding ';'
C:\Users\user\source\repos\ProjectStudent\ProjectStudent\Header1.h(68,1): error C2059: syntax error: '}'
C:\Users\user\source\repos\ProjectStudent\ProjectStudent\Header1.h(68,1): error C2143: syntax error: missing ';' before '}'
C:\Users\user\source\repos\ProjectStudent\ProjectStudent\Source4.cpp(5,6): error C2365: 'addLast': redefinition; previous definition was 'data variable'
C:\Users\user\source\repos\ProjectStudent\ProjectStudent\Header2.h(67,6): message : see declaration of 'addLast'
C:\Users\user\source\repos\ProjectStudent\ProjectStudent\Source4.cpp(17,5): error C2365: 'countNodes': redefinition; previous definition was 'data variable'
C:\Users\user\source\repos\ProjectStudent\ProjectStudent\Header2.h(69,5): message : see declaration of 'countNodes'
C:\Users\user\source\repos\ProjectStudent\ProjectStudent\Source4.cpp(26,6): error C2365: 'removeRandomNode': redefinition; previous definition was 'data variable'
C:\Users\user\source\repos\ProjectStudent\ProjectStudent\Header2.h(71,6): message : see declaration of 'removeRandomNode'
C:\Users\user\source\repos\ProjectStudent\ProjectStudent\Source5.cpp(6,2): error C2065: 'systems': undeclared identifier
C:\Users\user\source\repos\ProjectStudent\ProjectStudent\Source5.cpp(8,3): error C2065: 'systems': undeclared identifier
C:\Users\user\source\repos\ProjectStudent\ProjectStudent\Source5.cpp(9,2): error C2065: 'systems': undeclared identifier
C:\Users\user\source\repos\ProjectStudent\ProjectStudent\Source5.cpp(15,25): error C2065: 'systems': undeclared identifier
C:\Users\user\source\repos\ProjectStudent\ProjectStudent\Source5.cpp(16,24): error C2039: 'stuList': is not a member of 'Course'
C:\Users\user\source\repos\ProjectStudent\ProjectStudent\Header1.h(33,8): message : see declaration of 'Course'
C:\Users\user\source\repos\ProjectStudent\ProjectStudent\Source5.cpp(16,7): error C2672: 'findNode': no matching overloaded function found
C:\Users\user\source\repos\ProjectStudent\ProjectStudent\Source4.cpp(49,10): message : could be 'Node<a> *findNode(LList<T>,int)'
C:\Users\user\source\repos\ProjectStudent\ProjectStudent\Source4.cpp(39,10): message : or       'Node<a> *findNode(LList<T>,a)'
C:\Users\user\source\repos\ProjectStudent\ProjectStudent\Source5.cpp(19,4): error C3245: 'addLast': use of a variable template requires template argument list
C:\Users\user\source\repos\ProjectStudent\ProjectStudent\Header2.h(67,6): message : see declaration of 'addLast'
C:\Users\user\source\repos\ProjectStudent\ProjectStudent\Source5.cpp(30,3): error C3861: 'viewCourse': identifier not found
  Source6.cpp
C:\Users\user\source\repos\ProjectStudent\ProjectStudent\Header2.h(17,13): error C3646: 'year': unknown override specifier
C:\Users\user\source\repos\ProjectStudent\ProjectStudent\Header2.h(17,17): error C4430: missing type specifier - int assumed. Note: C++ does not support default-int
C:\Users\user\source\repos\ProjectStudent\ProjectStudent\Header2.h(21,7): error C2143: syntax error: missing ';' before '<'
C:\Users\user\source\repos\ProjectStudent\ProjectStudent\Header2.h(21,7): error C4430: missing type specifier - int assumed. Note: C++ does not support default-int
C:\Users\user\source\repos\ProjectStudent\ProjectStudent\Header2.h(21,24): error C2238: unexpected token(s) preceding ';'
C:\Users\user\source\repos\ProjectStudent\ProjectStudent\Header2.h(24,17): error C2039: 'year': is not a member of 'Class'
C:\Users\user\source\repos\ProjectStudent\ProjectStudent\Header2.h(15,8): message : see declaration of 'Class'
C:\Users\user\source\repos\ProjectStudent\ProjectStudent\Header2.h(24,38): error C2039: 'year': is not a member of 'Class'
C:\Users\user\source\repos\ProjectStudent\ProjectStudent\Header2.h(15,8): message : see declaration of 'Class'
C:\Users\user\source\repos\ProjectStudent\ProjectStudent\Header2.h(30,10): error C3646: 'student': unknown override specifier
C:\Users\user\source\repos\ProjectStudent\ProjectStudent\Header2.h(30,17): error C4430: missing type specifier - int assumed. Note: C++ does not support default-int
C:\Users\user\source\repos\ProjectStudent\ProjectStudent\Header2.h(31,9): error C2079: 'Scoreboard::course' uses undefined struct 'Course'
C:\Users\user\source\repos\ProjectStudent\ProjectStudent\Header2.h(43,7): error C2143: syntax error: missing ';' before '<'
C:\Users\user\source\repos\ProjectStudent\ProjectStudent\Header2.h(43,7): error C4430: missing type specifier - int assumed. Note: C++ does not support default-int
C:\Users\user\source\repos\ProjectStudent\ProjectStudent\Header2.h(43,23): error C2238: unexpected token(s) preceding ';'
C:\Users\user\source\repos\ProjectStudent\ProjectStudent\Header2.h(60,11): error C3646: 'sem': unknown override specifier
C:\Users\user\source\repos\ProjectStudent\ProjectStudent\Header2.h(60,14): error C4430: missing type specifier - int assumed. Note: C++ does not support default-int
C:\Users\user\source\repos\ProjectStudent\ProjectStudent\Header2.h(61,7): error C2143: syntax error: missing ';' before '<'
C:\Users\user\source\repos\ProjectStudent\ProjectStudent\Header2.h(61,7): error C4430: missing type specifier - int assumed. Note: C++ does not support default-int
C:\Users\user\source\repos\ProjectStudent\ProjectStudent\Header2.h(61,24): error C2238: unexpected token(s) preceding ';'
C:\Users\user\source\repos\ProjectStudent\ProjectStudent\Header2.h(62,7): error C2143: syntax error: missing ';' before '<'
C:\Users\user\source\repos\ProjectStudent\ProjectStudent\Header2.h(62,7): error C4430: missing type specifier - int assumed. Note: C++ does not support default-int
C:\Users\user\source\repos\ProjectStudent\ProjectStudent\Header2.h(62,25): error C2238: unexpected token(s) preceding ';'
C:\Users\user\source\repos\ProjectStudent\ProjectStudent\Header2.h(67,6): error C2182: 'addLast': this use of 'void' is not valid
C:\Users\user\source\repos\ProjectStudent\ProjectStudent\Header2.h(67,14): error C2065: 'LList': undeclared identifier
C:\Users\user\source\repos\ProjectStudent\ProjectStudent\Header2.h(67,23): error C2065: 'l': undeclared identifier
C:\Users\user\source\repos\ProjectStudent\ProjectStudent\Header2.h(67,26): error C2065: 'Node': undeclared identifier
C:\Users\user\source\repos\ProjectStudent\ProjectStudent\Header2.h(67,35): error C2065: 'insert': undeclared identifier
C:\Users\user\source\repos\ProjectStudent\ProjectStudent\Header2.h(67,14): error C3861: 'LList': identifier not found
C:\Users\user\source\repos\ProjectStudent\ProjectStudent\Header2.h(67,23): error C3861: 'l': identifier not found
C:\Users\user\source\repos\ProjectStudent\ProjectStudent\Header2.h(67,26): error C3861: 'Node': identifier not found
C:\Users\user\source\repos\ProjectStudent\ProjectStudent\Header2.h(67,35): error C3861: 'insert': identifier not found
C:\Users\user\source\repos\ProjectStudent\ProjectStudent\Header2.h(69,16): error C2065: 'Node': undeclared identifier
C:\Users\user\source\repos\ProjectStudent\ProjectStudent\Header2.h(69,25): error C2065: 'head': undeclared identifier
C:\Users\user\source\repos\ProjectStudent\ProjectStudent\Header2.h(69,16): error C3861: 'Node': identifier not found
C:\Users\user\source\repos\ProjectStudent\ProjectStudent\Header2.h(69,25): error C3861: 'head': identifier not found
C:\Users\user\source\repos\ProjectStudent\ProjectStudent\Header2.h(71,6): error C2182: 'removeRandomNode': this use of 'void' is not valid
C:\Users\user\source\repos\ProjectStudent\ProjectStudent\Header2.h(71,23): error C2065: 'LList': undeclared identifier
C:\Users\user\source\repos\ProjectStudent\ProjectStudent\Header2.h(71,32): error C2065: 'l': undeclared identifier
C:\Users\user\source\repos\ProjectStudent\ProjectStudent\Header2.h(71,35): error C2275: 'a': expected an expression instead of a type
C:\Users\user\source\repos\ProjectStudent\ProjectStudent\Header2.h(71,37): error C2146: syntax error: missing ')' before identifier 'data'
C:\Users\user\source\repos\ProjectStudent\ProjectStudent\Header2.h(73,5): error C2988: unrecognizable template declaration/definition
C:\Users\user\source\repos\ProjectStudent\ProjectStudent\Header2.h(73,5): error C2143: syntax error: missing ';' before '<'
C:\Users\user\source\repos\ProjectStudent\ProjectStudent\Header2.h(73,5): error C2059: syntax error: '<'
C:\Users\user\source\repos\ProjectStudent\ProjectStudent\Header2.h(84,5): error C2988: unrecognizable template declaration/definition
C:\Users\user\source\repos\ProjectStudent\ProjectStudent\Header2.h(84,5): error C2143: syntax error: missing ';' before '<'
C:\Users\user\source\repos\ProjectStudent\ProjectStudent\Header2.h(84,5): error C2059: syntax error: '<'
C:\Users\user\source\repos\ProjectStudent\ProjectStudent\Header2.h(86,5): error C2988: unrecognizable template declaration/definition
C:\Users\user\source\repos\ProjectStudent\ProjectStudent\Header2.h(86,5): error C2143: syntax error: missing ';' before '<'
C:\Users\user\source\repos\ProjectStudent\ProjectStudent\Header2.h(86,5): error C2059: syntax error: '<'
C:\Users\user\source\repos\ProjectStudent\ProjectStudent\Header1.h(42,3): error C2059: syntax error: 'return'
C:\Users\user\source\repos\ProjectStudent\ProjectStudent\Header1.h(42,96): error C2238: unexpected token(s) preceding ';'
C:\Users\user\source\repos\ProjectStudent\ProjectStudent\Header1.h(44,1): error C2059: syntax error: '}'
C:\Users\user\source\repos\ProjectStudent\ProjectStudent\Header1.h(44,1): error C2143: syntax error: missing ';' before '}'
C:\Users\user\source\repos\ProjectStudent\ProjectStudent\Header1.h(53,3): error C2059: syntax error: 'return'
C:\Users\user\source\repos\ProjectStudent\ProjectStudent\Header1.h(53,102): error C2238: unexpected token(s) preceding ';'
C:\Users\user\source\repos\ProjectStudent\ProjectStudent\Header1.h(55,1): error C2059: syntax error: '}'
C:\Users\user\source\repos\ProjectStudent\ProjectStudent\Header1.h(55,1): error C2143: syntax error: missing ';' before '}'
C:\Users\user\source\repos\ProjectStudent\ProjectStudent\Header1.h(66,3): error C2059: syntax error: 'return'
C:\Users\user\source\repos\ProjectStudent\ProjectStudent\Header1.h(66,160): error C2238: unexpected token(s) preceding ';'
C:\Users\user\source\repos\ProjectStudent\ProjectStudent\Header1.h(68,1): error C2059: syntax error: '}'
C:\Users\user\source\repos\ProjectStudent\ProjectStudent\Header1.h(68,1): error C2143: syntax error: missing ';' before '}'
C:\Users\user\source\repos\ProjectStudent\ProjectStudent\Source4.cpp(5,6): error C2365: 'addLast': redefinition; previous definition was 'data variable'
C:\Users\user\source\repos\ProjectStudent\ProjectStudent\Header2.h(67,6): message : see declaration of 'addLast'
C:\Users\user\source\repos\ProjectStudent\ProjectStudent\Source4.cpp(17,5): error C2365: 'countNodes': redefinition; previous definition was 'data variable'
C:\Users\user\source\repos\ProjectStudent\ProjectStudent\Header2.h(69,5): message : see declaration of 'countNodes'
C:\Users\user\source\repos\ProjectStudent\ProjectStudent\Source4.cpp(26,6): error C2365: 'removeRandomNode': redefinition; previous definition was 'data variable'
C:\Users\user\source\repos\ProjectStudent\ProjectStudent\Header2.h(71,6): message : see declaration of 'removeRandomNode'
C:\Users\user\source\repos\ProjectStudent\ProjectStudent\Source6.cpp(6,24): error C2065: 'systems': undeclared identifier
C:\Users\user\source\repos\ProjectStudent\ProjectStudent\Source6.cpp(29,28): error C2039: 'stuList': is not a member of 'Class'
C:\Users\user\source\repos\ProjectStudent\ProjectStudent\Header1.h(31,8): message : see declaration of 'Class'
C:\Users\user\source\repos\ProjectStudent\ProjectStudent\Source6.cpp(39,26): error C2065: 'systems': undeclared identifier
C:\Users\user\source\repos\ProjectStudent\ProjectStudent\Source6.cpp(40,4): error C3861: 'viewCourse': identifier not found
C:\Users\user\source\repos\ProjectStudent\ProjectStudent\Source6.cpp(47,28): error C2039: 'stuList': is not a member of 'Course'
C:\Users\user\source\repos\ProjectStudent\ProjectStudent\Header1.h(33,8): message : see declaration of 'Course'
  Source7.cpp
C:\Users\user\source\repos\ProjectStudent\ProjectStudent\Header2.h(17,13): error C3646: 'year': unknown override specifier
C:\Users\user\source\repos\ProjectStudent\ProjectStudent\Header2.h(17,17): error C4430: missing type specifier - int assumed. Note: C++ does not support default-int
C:\Users\user\source\repos\ProjectStudent\ProjectStudent\Header2.h(21,7): error C2143: syntax error: missing ';' before '<'
C:\Users\user\source\repos\ProjectStudent\ProjectStudent\Header2.h(21,7): error C4430: missing type specifier - int assumed. Note: C++ does not support default-int
C:\Users\user\source\repos\ProjectStudent\ProjectStudent\Header2.h(21,24): error C2238: unexpected token(s) preceding ';'
C:\Users\user\source\repos\ProjectStudent\ProjectStudent\Header2.h(24,17): error C2039: 'year': is not a member of 'Class'
C:\Users\user\source\repos\ProjectStudent\ProjectStudent\Header2.h(15,8): message : see declaration of 'Class'
C:\Users\user\source\repos\ProjectStudent\ProjectStudent\Header2.h(24,38): error C2039: 'year': is not a member of 'Class'
C:\Users\user\source\repos\ProjectStudent\ProjectStudent\Header2.h(15,8): message : see declaration of 'Class'
C:\Users\user\source\repos\ProjectStudent\ProjectStudent\Header2.h(30,10): error C3646: 'student': unknown override specifier
C:\Users\user\source\repos\ProjectStudent\ProjectStudent\Header2.h(30,17): error C4430: missing type specifier - int assumed. Note: C++ does not support default-int
C:\Users\user\source\repos\ProjectStudent\ProjectStudent\Header2.h(31,9): error C2079: 'Scoreboard::course' uses undefined struct 'Course'
C:\Users\user\source\repos\ProjectStudent\ProjectStudent\Header2.h(43,7): error C2143: syntax error: missing ';' before '<'
C:\Users\user\source\repos\ProjectStudent\ProjectStudent\Header2.h(43,7): error C4430: missing type specifier - int assumed. Note: C++ does not support default-int
C:\Users\user\source\repos\ProjectStudent\ProjectStudent\Header2.h(43,23): error C2238: unexpected token(s) preceding ';'
C:\Users\user\source\repos\ProjectStudent\ProjectStudent\Header2.h(60,11): error C3646: 'sem': unknown override specifier
C:\Users\user\source\repos\ProjectStudent\ProjectStudent\Header2.h(60,14): error C4430: missing type specifier - int assumed. Note: C++ does not support default-int
C:\Users\user\source\repos\ProjectStudent\ProjectStudent\Header2.h(61,7): error C2143: syntax error: missing ';' before '<'
C:\Users\user\source\repos\ProjectStudent\ProjectStudent\Header2.h(61,7): error C4430: missing type specifier - int assumed. Note: C++ does not support default-int
C:\Users\user\source\repos\ProjectStudent\ProjectStudent\Header2.h(61,24): error C2238: unexpected token(s) preceding ';'
C:\Users\user\source\repos\ProjectStudent\ProjectStudent\Header2.h(62,7): error C2143: syntax error: missing ';' before '<'
C:\Users\user\source\repos\ProjectStudent\ProjectStudent\Header2.h(62,7): error C4430: missing type specifier - int assumed. Note: C++ does not support default-int
C:\Users\user\source\repos\ProjectStudent\ProjectStudent\Header2.h(62,25): error C2238: unexpected token(s) preceding ';'
C:\Users\user\source\repos\ProjectStudent\ProjectStudent\Header2.h(67,6): error C2182: 'addLast': this use of 'void' is not valid
C:\Users\user\source\repos\ProjectStudent\ProjectStudent\Header2.h(67,14): error C2065: 'LList': undeclared identifier
C:\Users\user\source\repos\ProjectStudent\ProjectStudent\Header2.h(67,23): error C2065: 'l': undeclared identifier
C:\Users\user\source\repos\ProjectStudent\ProjectStudent\Header2.h(67,26): error C2065: 'Node': undeclared identifier
C:\Users\user\source\repos\ProjectStudent\ProjectStudent\Header2.h(67,35): error C2065: 'insert': undeclared identifier
C:\Users\user\source\repos\ProjectStudent\ProjectStudent\Header2.h(67,14): error C3861: 'LList': identifier not found
C:\Users\user\source\repos\ProjectStudent\ProjectStudent\Header2.h(67,23): error C3861: 'l': identifier not found
C:\Users\user\source\repos\ProjectStudent\ProjectStudent\Header2.h(67,26): error C3861: 'Node': identifier not found
C:\Users\user\source\repos\ProjectStudent\ProjectStudent\Header2.h(67,35): error C3861: 'insert': identifier not found
C:\Users\user\source\repos\ProjectStudent\ProjectStudent\Header2.h(69,16): error C2065: 'Node': undeclared identifier
C:\Users\user\source\repos\ProjectStudent\ProjectStudent\Header2.h(69,25): error C2065: 'head': undeclared identifier
C:\Users\user\source\repos\ProjectStudent\ProjectStudent\Header2.h(69,16): error C3861: 'Node': identifier not found
C:\Users\user\source\repos\ProjectStudent\ProjectStudent\Header2.h(69,25): error C3861: 'head': identifier not found
C:\Users\user\source\repos\ProjectStudent\ProjectStudent\Header2.h(71,6): error C2182: 'removeRandomNode': this use of 'void' is not valid
C:\Users\user\source\repos\ProjectStudent\ProjectStudent\Header2.h(71,23): error C2065: 'LList': undeclared identifier
C:\Users\user\source\repos\ProjectStudent\ProjectStudent\Header2.h(71,32): error C2065: 'l': undeclared identifier
C:\Users\user\source\repos\ProjectStudent\ProjectStudent\Header2.h(71,35): error C2275: 'a': expected an expression instead of a type
C:\Users\user\source\repos\ProjectStudent\ProjectStudent\Header2.h(71,37): error C2146: syntax error: missing ')' before identifier 'data'
C:\Users\user\source\repos\ProjectStudent\ProjectStudent\Header2.h(73,5): error C2988: unrecognizable template declaration/definition
C:\Users\user\source\repos\ProjectStudent\ProjectStudent\Header2.h(73,5): error C2143: syntax error: missing ';' before '<'
C:\Users\user\source\repos\ProjectStudent\ProjectStudent\Header2.h(73,5): error C2059: syntax error: '<'
C:\Users\user\source\repos\ProjectStudent\ProjectStudent\Header2.h(84,5): error C2988: unrecognizable template declaration/definition
C:\Users\user\source\repos\ProjectStudent\ProjectStudent\Header2.h(84,5): error C2143: syntax error: missing ';' before '<'
C:\Users\user\source\repos\ProjectStudent\ProjectStudent\Header2.h(84,5): error C2059: syntax error: '<'
C:\Users\user\source\repos\ProjectStudent\ProjectStudent\Header2.h(86,5): error C2988: unrecognizable template declaration/definition
C:\Users\user\source\repos\ProjectStudent\ProjectStudent\Header2.h(86,5): error C2143: syntax error: missing ';' before '<'
C:\Users\user\source\repos\ProjectStudent\ProjectStudent\Header2.h(86,5): error C2059: syntax error: '<'
C:\Users\user\source\repos\ProjectStudent\ProjectStudent\Header1.h(42,3): error C2059: syntax error: 'return'
C:\Users\user\source\repos\ProjectStudent\ProjectStudent\Header1.h(42,96): error C2238: unexpected token(s) preceding ';'
C:\Users\user\source\repos\ProjectStudent\ProjectStudent\Header1.h(44,1): error C2059: syntax error: '}'
C:\Users\user\source\repos\ProjectStudent\ProjectStudent\Header1.h(44,1): error C2143: syntax error: missing ';' before '}'
C:\Users\user\source\repos\ProjectStudent\ProjectStudent\Header1.h(53,3): error C2059: syntax error: 'return'
C:\Users\user\source\repos\ProjectStudent\ProjectStudent\Header1.h(53,102): error C2238: unexpected token(s) preceding ';'
C:\Users\user\source\repos\ProjectStudent\ProjectStudent\Header1.h(55,1): error C2059: syntax error: '}'
C:\Users\user\source\repos\ProjectStudent\ProjectStudent\Header1.h(55,1): error C2143: syntax error: missing ';' before '}'
C:\Users\user\source\repos\ProjectStudent\ProjectStudent\Header1.h(66,3): error C2059: syntax error: 'return'
C:\Users\user\source\repos\ProjectStudent\ProjectStudent\Header1.h(66,160): error C2238: unexpected token(s) preceding ';'
C:\Users\user\source\repos\ProjectStudent\ProjectStudent\Header1.h(68,1): error C2059: syntax error: '}'
C:\Users\user\source\repos\ProjectStudent\ProjectStudent\Header1.h(68,1): error C2143: syntax error: missing ';' before '}'
C:\Users\user\source\repos\ProjectStudent\ProjectStudent\Source4.cpp(5,6): error C2365: 'addLast': redefinition; previous definition was 'data variable'
C:\Users\user\source\repos\ProjectStudent\ProjectStudent\Header2.h(67,6): message : see declaration of 'addLast'
C:\Users\user\source\repos\ProjectStudent\ProjectStudent\Source4.cpp(17,5): error C2365: 'countNodes': redefinition; previous definition was 'data variable'
C:\Users\user\source\repos\ProjectStudent\ProjectStudent\Header2.h(69,5): message : see declaration of 'countNodes'
C:\Users\user\source\repos\ProjectStudent\ProjectStudent\Source4.cpp(26,6): error C2365: 'removeRandomNode': redefinition; previous definition was 'data variable'
C:\Users\user\source\repos\ProjectStudent\ProjectStudent\Header2.h(71,6): message : see declaration of 'removeRandomNode'
C:\Users\user\source\repos\ProjectStudent\ProjectStudent\Source7.cpp(13,12): error C2039: 'stuList': is not a member of 'Course'
C:\Users\user\source\repos\ProjectStudent\ProjectStudent\Header1.h(33,8): message : see declaration of 'Course'
C:\Users\user\source\repos\ProjectStudent\ProjectStudent\Source7.cpp(13,33): error C2039: 'stuList': is not a member of 'Course'
C:\Users\user\source\repos\ProjectStudent\ProjectStudent\Header1.h(33,8): message : see declaration of 'Course'
C:\Users\user\source\repos\ProjectStudent\ProjectStudent\Source7.cpp(13,54): error C2039: 'stuList': is not a member of 'Course'
C:\Users\user\source\repos\ProjectStudent\ProjectStudent\Header1.h(33,8): message : see declaration of 'Course'
C:\Users\user\source\repos\ProjectStudent\ProjectStudent\Source7.cpp(20,33): error C2039: 'stuList': is not a member of 'Course'
C:\Users\user\source\repos\ProjectStudent\ProjectStudent\Header1.h(33,8): message : see declaration of 'Course'
C:\Users\user\source\repos\ProjectStudent\ProjectStudent\Source7.cpp(41,25): error C2065: 'systems': undeclared identifier
C:\Users\user\source\repos\ProjectStudent\ProjectStudent\Source7.cpp(53,16): error C3861: 'extractCId_cl_sno': identifier not found
C:\Users\user\source\repos\ProjectStudent\ProjectStudent\Source7.cpp(67,18): error C2664: 'bool findCourse(std::string,std::string,int,Course &)': cannot convert argument 4 from 'int' to 'Course &'
C:\Users\user\source\repos\ProjectStudent\ProjectStudent\Source7.cpp(39,6): message : see declaration of 'findCourse'
C:\Users\user\source\repos\ProjectStudent\ProjectStudent\Source7.cpp(67,18): message : while trying to match the argument list '(std::string, std::string, int, int)'
C:\Users\user\source\repos\ProjectStudent\ProjectStudent\Source7.cpp(68,35): error C2039: 'student': is not a member of 'Scoreboard'
C:\Users\user\source\repos\ProjectStudent\ProjectStudent\Header1.h(32,8): message : see declaration of 'Scoreboard'
C:\Users\user\source\repos\ProjectStudent\ProjectStudent\Source7.cpp(69,18): error C2039: 'student': is not a member of 'Scoreboard'
C:\Users\user\source\repos\ProjectStudent\ProjectStudent\Header1.h(32,8): message : see declaration of 'Scoreboard'
C:\Users\user\source\repos\ProjectStudent\ProjectStudent\Source7.cpp(69,4): error C2672: 'getline': no matching overloaded function found
C:\Program Files\Microsoft Visual Studio\2022\Community\VC\Tools\MSVC\14.36.32532\include\string(83,32): message : could be 'std::basic_istream<_Elem,_Traits> &std::getline(std::basic_istream<_Elem,_Traits> &,std::basic_string<_Elem,_Traits,_Alloc> &)'
C:\Users\user\source\repos\ProjectStudent\ProjectStudent\Source7.cpp(69,4): message : 'std::basic_istream<_Elem,_Traits> &std::getline(std::basic_istream<_Elem,_Traits> &,std::basic_string<_Elem,_Traits,_Alloc> &)': could not deduce template argument for 'std::basic_istream<_Elem,_Traits> &' from 'std::ifstream'
C:\Users\user\source\repos\ProjectStudent\ProjectStudent\Source7.cpp(69,4): message : 'std::basic_istream<_Elem,_Traits> &std::getline(std::basic_istream<_Elem,_Traits> &,std::basic_string<_Elem,_Traits,_Alloc> &)': could not deduce template argument for 'std::basic_string<_Elem,_Traits,_Alloc> &' from 'char'
C:\Program Files\Microsoft Visual Studio\2022\Community\VC\Tools\MSVC\14.36.32532\include\string(76,32): message : or       'std::basic_istream<_Elem,_Traits> &std::getline(std::basic_istream<_Elem,_Traits> &,std::basic_string<_Elem,_Traits,_Alloc> &,const _Elem)'
C:\Users\user\source\repos\ProjectStudent\ProjectStudent\Source7.cpp(69,4): message : 'std::basic_istream<_Elem,_Traits> &std::getline(std::basic_istream<_Elem,_Traits> &,std::basic_string<_Elem,_Traits,_Alloc> &,const _Elem)': expects 3 arguments - 2 provided
C:\Program Files\Microsoft Visual Studio\2022\Community\VC\Tools\MSVC\14.36.32532\include\string(69,32): message : or       'std::basic_istream<_Elem,_Traits> &std::getline(std::basic_istream<_Elem,_Traits> &&,std::basic_string<_Elem,_Traits,_Alloc> &)'
C:\Users\user\source\repos\ProjectStudent\ProjectStudent\Source7.cpp(69,4): message : 'std::basic_istream<_Elem,_Traits> &std::getline(std::basic_istream<_Elem,_Traits> &&,std::basic_string<_Elem,_Traits,_Alloc> &)': could not deduce template argument for 'std::basic_istream<_Elem,_Traits> &&' from 'std::ifstream'
C:\Users\user\source\repos\ProjectStudent\ProjectStudent\Source7.cpp(69,4): message : 'std::basic_istream<_Elem,_Traits> &std::getline(std::basic_istream<_Elem,_Traits> &&,std::basic_string<_Elem,_Traits,_Alloc> &)': could not deduce template argument for 'std::basic_string<_Elem,_Traits,_Alloc> &' from 'char'
C:\Program Files\Microsoft Visual Studio\2022\Community\VC\Tools\MSVC\14.36.32532\include\string(26,32): message : or       'std::basic_istream<_Elem,_Traits> &std::getline(std::basic_istream<_Elem,_Traits> &&,std::basic_string<_Elem,_Traits,_Alloc> &,const _Elem)'
C:\Users\user\source\repos\ProjectStudent\ProjectStudent\Source7.cpp(69,4): message : 'std::basic_istream<_Elem,_Traits> &std::getline(std::basic_istream<_Elem,_Traits> &&,std::basic_string<_Elem,_Traits,_Alloc> &,const _Elem)': expects 3 arguments - 2 provided
C:\Users\user\source\repos\ProjectStudent\ProjectStudent\Source7.cpp(70,18): error C2039: 'student': is not a member of 'Scoreboard'
C:\Users\user\source\repos\ProjectStudent\ProjectStudent\Header1.h(32,8): message : see declaration of 'Scoreboard'
C:\Users\user\source\repos\ProjectStudent\ProjectStudent\Source7.cpp(70,4): error C2672: 'getline': no matching overloaded function found
C:\Program Files\Microsoft Visual Studio\2022\Community\VC\Tools\MSVC\14.36.32532\include\string(83,32): message : could be 'std::basic_istream<_Elem,_Traits> &std::getline(std::basic_istream<_Elem,_Traits> &,std::basic_string<_Elem,_Traits,_Alloc> &)'
C:\Users\user\source\repos\ProjectStudent\ProjectStudent\Source7.cpp(70,4): message : 'std::basic_istream<_Elem,_Traits> &std::getline(std::basic_istream<_Elem,_Traits> &,std::basic_string<_Elem,_Traits,_Alloc> &)': could not deduce template argument for 'std::basic_istream<_Elem,_Traits> &' from 'std::ifstream'
C:\Users\user\source\repos\ProjectStudent\ProjectStudent\Source7.cpp(70,4): message : 'std::basic_istream<_Elem,_Traits> &std::getline(std::basic_istream<_Elem,_Traits> &,std::basic_string<_Elem,_Traits,_Alloc> &)': could not deduce template argument for 'std::basic_string<_Elem,_Traits,_Alloc> &' from 'char'
C:\Program Files\Microsoft Visual Studio\2022\Community\VC\Tools\MSVC\14.36.32532\include\string(76,32): message : or       'std::basic_istream<_Elem,_Traits> &std::getline(std::basic_istream<_Elem,_Traits> &,std::basic_string<_Elem,_Traits,_Alloc> &,const _Elem)'
C:\Users\user\source\repos\ProjectStudent\ProjectStudent\Source7.cpp(70,4): message : 'std::basic_istream<_Elem,_Traits> &std::getline(std::basic_istream<_Elem,_Traits> &,std::basic_string<_Elem,_Traits,_Alloc> &,const _Elem)': expects 3 arguments - 2 provided
C:\Program Files\Microsoft Visual Studio\2022\Community\VC\Tools\MSVC\14.36.32532\include\string(69,32): message : or       'std::basic_istream<_Elem,_Traits> &std::getline(std::basic_istream<_Elem,_Traits> &&,std::basic_string<_Elem,_Traits,_Alloc> &)'
C:\Users\user\source\repos\ProjectStudent\ProjectStudent\Source7.cpp(70,4): message : 'std::basic_istream<_Elem,_Traits> &std::getline(std::basic_istream<_Elem,_Traits> &&,std::basic_string<_Elem,_Traits,_Alloc> &)': could not deduce template argument for 'std::basic_istream<_Elem,_Traits> &&' from 'std::ifstream'
C:\Users\user\source\repos\ProjectStudent\ProjectStudent\Source7.cpp(70,4): message : 'std::basic_istream<_Elem,_Traits> &std::getline(std::basic_istream<_Elem,_Traits> &&,std::basic_string<_Elem,_Traits,_Alloc> &)': could not deduce template argument for 'std::basic_string<_Elem,_Traits,_Alloc> &' from 'char'
C:\Program Files\Microsoft Visual Studio\2022\Community\VC\Tools\MSVC\14.36.32532\include\string(26,32): message : or       'std::basic_istream<_Elem,_Traits> &std::getline(std::basic_istream<_Elem,_Traits> &&,std::basic_string<_Elem,_Traits,_Alloc> &,const _Elem)'
C:\Users\user\source\repos\ProjectStudent\ProjectStudent\Source7.cpp(70,4): message : 'std::basic_istream<_Elem,_Traits> &std::getline(std::basic_istream<_Elem,_Traits> &&,std::basic_string<_Elem,_Traits,_Alloc> &,const _Elem)': expects 3 arguments - 2 provided
C:\Users\user\source\repos\ProjectStudent\ProjectStudent\Source7.cpp(71,18): error C2039: 'student': is not a member of 'Scoreboard'
C:\Users\user\source\repos\ProjectStudent\ProjectStudent\Header1.h(32,8): message : see declaration of 'Scoreboard'
C:\Users\user\source\repos\ProjectStudent\ProjectStudent\Source7.cpp(71,4): error C2672: 'getline': no matching overloaded function found
C:\Program Files\Microsoft Visual Studio\2022\Community\VC\Tools\MSVC\14.36.32532\include\string(83,32): message : could be 'std::basic_istream<_Elem,_Traits> &std::getline(std::basic_istream<_Elem,_Traits> &,std::basic_string<_Elem,_Traits,_Alloc> &)'
C:\Users\user\source\repos\ProjectStudent\ProjectStudent\Source7.cpp(71,4): message : 'std::basic_istream<_Elem,_Traits> &std::getline(std::basic_istream<_Elem,_Traits> &,std::basic_string<_Elem,_Traits,_Alloc> &)': could not deduce template argument for 'std::basic_istream<_Elem,_Traits> &' from 'std::ifstream'
C:\Users\user\source\repos\ProjectStudent\ProjectStudent\Source7.cpp(71,4): message : 'std::basic_istream<_Elem,_Traits> &std::getline(std::basic_istream<_Elem,_Traits> &,std::basic_string<_Elem,_Traits,_Alloc> &)': could not deduce template argument for 'std::basic_string<_Elem,_Traits,_Alloc> &' from 'char'
C:\Program Files\Microsoft Visual Studio\2022\Community\VC\Tools\MSVC\14.36.32532\include\string(76,32): message : or       'std::basic_istream<_Elem,_Traits> &std::getline(std::basic_istream<_Elem,_Traits> &,std::basic_string<_Elem,_Traits,_Alloc> &,const _Elem)'
C:\Users\user\source\repos\ProjectStudent\ProjectStudent\Source7.cpp(71,4): message : 'std::basic_istream<_Elem,_Traits> &std::getline(std::basic_istream<_Elem,_Traits> &,std::basic_string<_Elem,_Traits,_Alloc> &,const _Elem)': expects 3 arguments - 2 provided
C:\Program Files\Microsoft Visual Studio\2022\Community\VC\Tools\MSVC\14.36.32532\include\string(69,32): message : or       'std::basic_istream<_Elem,_Traits> &std::getline(std::basic_istream<_Elem,_Traits> &&,std::basic_string<_Elem,_Traits,_Alloc> &)'
C:\Users\user\source\repos\ProjectStudent\ProjectStudent\Source7.cpp(71,4): message : 'std::basic_istream<_Elem,_Traits> &std::getline(std::basic_istream<_Elem,_Traits> &&,std::basic_string<_Elem,_Traits,_Alloc> &)': could not deduce template argument for 'std::basic_istream<_Elem,_Traits> &&' from 'std::ifstream'
C:\Users\user\source\repos\ProjectStudent\ProjectStudent\Source7.cpp(71,4): message : 'std::basic_istream<_Elem,_Traits> &std::getline(std::basic_istream<_Elem,_Traits> &&,std::basic_string<_Elem,_Traits,_Alloc> &)': could not deduce template argument for 'std::basic_string<_Elem,_Traits,_Alloc> &' from 'char'
C:\Program Files\Microsoft Visual Studio\2022\Community\VC\Tools\MSVC\14.36.32532\include\string(26,32): message : or       'std::basic_istream<_Elem,_Traits> &std::getline(std::basic_istream<_Elem,_Traits> &&,std::basic_string<_Elem,_Traits,_Alloc> &,const _Elem)'
C:\Users\user\source\repos\ProjectStudent\ProjectStudent\Source7.cpp(71,4): message : 'std::basic_istream<_Elem,_Traits> &std::getline(std::basic_istream<_Elem,_Traits> &&,std::basic_string<_Elem,_Traits,_Alloc> &,const _Elem)': expects 3 arguments - 2 provided
C:\Users\user\source\repos\ProjectStudent\ProjectStudent\Source7.cpp(74,7): error C2039: 'student': is not a member of 'Scoreboard'
C:\Users\user\source\repos\ProjectStudent\ProjectStudent\Header1.h(32,8): message : see declaration of 'Scoreboard'
C:\Users\user\source\repos\ProjectStudent\ProjectStudent\Source7.cpp(76,7): error C2039: 'student': is not a member of 'Scoreboard'
C:\Users\user\source\repos\ProjectStudent\ProjectStudent\Header1.h(32,8): message : see declaration of 'Scoreboard'
C:\Users\user\source\repos\ProjectStudent\ProjectStudent\Source7.cpp(78,6): error C2039: 'student': is not a member of 'Scoreboard'
C:\Users\user\source\repos\ProjectStudent\ProjectStudent\Header1.h(32,8): message : see declaration of 'Scoreboard'
C:\Users\user\source\repos\ProjectStudent\ProjectStudent\Source7.cpp(78,22): error C3861: 'getNS': identifier not found
C:\Users\user\source\repos\ProjectStudent\ProjectStudent\Source7.cpp(79,18): error C2039: 'student': is not a member of 'Scoreboard'
C:\Users\user\source\repos\ProjectStudent\ProjectStudent\Header1.h(32,8): message : see declaration of 'Scoreboard'
C:\Users\user\source\repos\ProjectStudent\ProjectStudent\Source7.cpp(79,4): error C2672: 'getline': no matching overloaded function found
C:\Program Files\Microsoft Visual Studio\2022\Community\VC\Tools\MSVC\14.36.32532\include\string(83,32): message : could be 'std::basic_istream<_Elem,_Traits> &std::getline(std::basic_istream<_Elem,_Traits> &,std::basic_string<_Elem,_Traits,_Alloc> &)'
C:\Users\user\source\repos\ProjectStudent\ProjectStudent\Source7.cpp(79,4): message : 'std::basic_istream<_Elem,_Traits> &std::getline(std::basic_istream<_Elem,_Traits> &,std::basic_string<_Elem,_Traits,_Alloc> &)': could not deduce template argument for 'std::basic_istream<_Elem,_Traits> &' from 'std::ifstream'
C:\Users\user\source\repos\ProjectStudent\ProjectStudent\Source7.cpp(79,4): message : 'std::basic_istream<_Elem,_Traits> &std::getline(std::basic_istream<_Elem,_Traits> &,std::basic_string<_Elem,_Traits,_Alloc> &)': could not deduce template argument for 'std::basic_string<_Elem,_Traits,_Alloc> &' from 'char'
C:\Program Files\Microsoft Visual Studio\2022\Community\VC\Tools\MSVC\14.36.32532\include\string(76,32): message : or       'std::basic_istream<_Elem,_Traits> &std::getline(std::basic_istream<_Elem,_Traits> &,std::basic_string<_Elem,_Traits,_Alloc> &,const _Elem)'
C:\Users\user\source\repos\ProjectStudent\ProjectStudent\Source7.cpp(79,4): message : 'std::basic_istream<_Elem,_Traits> &std::getline(std::basic_istream<_Elem,_Traits> &,std::basic_string<_Elem,_Traits,_Alloc> &,const _Elem)': expects 3 arguments - 2 provided
C:\Program Files\Microsoft Visual Studio\2022\Community\VC\Tools\MSVC\14.36.32532\include\string(69,32): message : or       'std::basic_istream<_Elem,_Traits> &std::getline(std::basic_istream<_Elem,_Traits> &&,std::basic_string<_Elem,_Traits,_Alloc> &)'
C:\Users\user\source\repos\ProjectStudent\ProjectStudent\Source7.cpp(79,4): message : 'std::basic_istream<_Elem,_Traits> &std::getline(std::basic_istream<_Elem,_Traits> &&,std::basic_string<_Elem,_Traits,_Alloc> &)': could not deduce template argument for 'std::basic_istream<_Elem,_Traits> &&' from 'std::ifstream'
C:\Users\user\source\repos\ProjectStudent\ProjectStudent\Source7.cpp(79,4): message : 'std::basic_istream<_Elem,_Traits> &std::getline(std::basic_istream<_Elem,_Traits> &&,std::basic_string<_Elem,_Traits,_Alloc> &)': could not deduce template argument for 'std::basic_string<_Elem,_Traits,_Alloc> &' from 'char'
C:\Program Files\Microsoft Visual Studio\2022\Community\VC\Tools\MSVC\14.36.32532\include\string(26,32): message : or       'std::basic_istream<_Elem,_Traits> &std::getline(std::basic_istream<_Elem,_Traits> &&,std::basic_string<_Elem,_Traits,_Alloc> &,const _Elem)'
C:\Users\user\source\repos\ProjectStudent\ProjectStudent\Source7.cpp(79,4): message : 'std::basic_istream<_Elem,_Traits> &std::getline(std::basic_istream<_Elem,_Traits> &&,std::basic_string<_Elem,_Traits,_Alloc> &,const _Elem)': expects 3 arguments - 2 provided
C:\Users\user\source\repos\ProjectStudent\ProjectStudent\Source7.cpp(80,49): warning C4244: '=': conversion from 'double' to 'float', possible loss of data
C:\Users\user\source\repos\ProjectStudent\ProjectStudent\Source7.cpp(81,47): warning C4244: '=': conversion from 'double' to 'float', possible loss of data
C:\Users\user\source\repos\ProjectStudent\ProjectStudent\Source7.cpp(82,47): warning C4244: '=': conversion from 'double' to 'float', possible loss of data
C:\Users\user\source\repos\ProjectStudent\ProjectStudent\Source7.cpp(83,48): warning C4244: '=': conversion from 'double' to 'float', possible loss of data
C:\Users\user\source\repos\ProjectStudent\ProjectStudent\Source7.cpp(85,4): error C3245: 'addLast': use of a variable template requires template argument list
C:\Users\user\source\repos\ProjectStudent\ProjectStudent\Header2.h(67,6): message : see declaration of 'addLast'
C:\Users\user\source\repos\ProjectStudent\ProjectStudent\Source7.cpp(105,31): error C2039: 'score': is not a member of 'Course'
C:\Users\user\source\repos\ProjectStudent\ProjectStudent\Header1.h(33,8): message : see declaration of 'Course'
C:\Users\user\source\repos\ProjectStudent\ProjectStudent\Source7.cpp(107,35): error C2039: 'student': is not a member of 'Scoreboard'
C:\Users\user\source\repos\ProjectStudent\ProjectStudent\Header1.h(32,8): message : see declaration of 'Scoreboard'
C:\Users\user\source\repos\ProjectStudent\ProjectStudent\Source7.cpp(107,71): error C2039: 'student': is not a member of 'Scoreboard'
C:\Users\user\source\repos\ProjectStudent\ProjectStudent\Header1.h(32,8): message : see declaration of 'Scoreboard'
C:\Users\user\source\repos\ProjectStudent\ProjectStudent\Source7.cpp(107,113): error C2039: 'student': is not a member of 'Scoreboard'
C:\Users\user\source\repos\ProjectStudent\ProjectStudent\Header1.h(32,8): message : see declaration of 'Scoreboard'
C:\Users\user\source\repos\ProjectStudent\ProjectStudent\Source7.cpp(107,120): fatal  error C1003: error count exceeds 100; stopping compilation
  Source8.cpp
C:\Users\user\source\repos\ProjectStudent\ProjectStudent\Header2.h(17,13): error C3646: 'year': unknown override specifier
C:\Users\user\source\repos\ProjectStudent\ProjectStudent\Header2.h(17,17): error C4430: missing type specifier - int assumed. Note: C++ does not support default-int
C:\Users\user\source\repos\ProjectStudent\ProjectStudent\Header2.h(21,7): error C2143: syntax error: missing ';' before '<'
C:\Users\user\source\repos\ProjectStudent\ProjectStudent\Header2.h(21,7): error C4430: missing type specifier - int assumed. Note: C++ does not support default-int
C:\Users\user\source\repos\ProjectStudent\ProjectStudent\Header2.h(21,24): error C2238: unexpected token(s) preceding ';'
C:\Users\user\source\repos\ProjectStudent\ProjectStudent\Header2.h(24,17): error C2039: 'year': is not a member of 'Class'
C:\Users\user\source\repos\ProjectStudent\ProjectStudent\Header2.h(15,8): message : see declaration of 'Class'
C:\Users\user\source\repos\ProjectStudent\ProjectStudent\Header2.h(24,38): error C2039: 'year': is not a member of 'Class'
C:\Users\user\source\repos\ProjectStudent\ProjectStudent\Header2.h(15,8): message : see declaration of 'Class'
C:\Users\user\source\repos\ProjectStudent\ProjectStudent\Header2.h(30,10): error C3646: 'student': unknown override specifier
C:\Users\user\source\repos\ProjectStudent\ProjectStudent\Header2.h(30,17): error C4430: missing type specifier - int assumed. Note: C++ does not support default-int
C:\Users\user\source\repos\ProjectStudent\ProjectStudent\Header2.h(31,9): error C2079: 'Scoreboard::course' uses undefined struct 'Course'
C:\Users\user\source\repos\ProjectStudent\ProjectStudent\Header2.h(43,7): error C2143: syntax error: missing ';' before '<'
C:\Users\user\source\repos\ProjectStudent\ProjectStudent\Header2.h(43,7): error C4430: missing type specifier - int assumed. Note: C++ does not support default-int
C:\Users\user\source\repos\ProjectStudent\ProjectStudent\Header2.h(43,23): error C2238: unexpected token(s) preceding ';'
C:\Users\user\source\repos\ProjectStudent\ProjectStudent\Header2.h(60,11): error C3646: 'sem': unknown override specifier
C:\Users\user\source\repos\ProjectStudent\ProjectStudent\Header2.h(60,14): error C4430: missing type specifier - int assumed. Note: C++ does not support default-int
C:\Users\user\source\repos\ProjectStudent\ProjectStudent\Header2.h(61,7): error C2143: syntax error: missing ';' before '<'
C:\Users\user\source\repos\ProjectStudent\ProjectStudent\Header2.h(61,7): error C4430: missing type specifier - int assumed. Note: C++ does not support default-int
C:\Users\user\source\repos\ProjectStudent\ProjectStudent\Header2.h(61,24): error C2238: unexpected token(s) preceding ';'
C:\Users\user\source\repos\ProjectStudent\ProjectStudent\Header2.h(62,7): error C2143: syntax error: missing ';' before '<'
C:\Users\user\source\repos\ProjectStudent\ProjectStudent\Header2.h(62,7): error C4430: missing type specifier - int assumed. Note: C++ does not support default-int
C:\Users\user\source\repos\ProjectStudent\ProjectStudent\Header2.h(62,25): error C2238: unexpected token(s) preceding ';'
C:\Users\user\source\repos\ProjectStudent\ProjectStudent\Header2.h(67,6): error C2182: 'addLast': this use of 'void' is not valid
C:\Users\user\source\repos\ProjectStudent\ProjectStudent\Header2.h(67,14): error C2065: 'LList': undeclared identifier
C:\Users\user\source\repos\ProjectStudent\ProjectStudent\Header2.h(67,23): error C2065: 'l': undeclared identifier
C:\Users\user\source\repos\ProjectStudent\ProjectStudent\Header2.h(67,26): error C2065: 'Node': undeclared identifier
C:\Users\user\source\repos\ProjectStudent\ProjectStudent\Header2.h(67,35): error C2065: 'insert': undeclared identifier
C:\Users\user\source\repos\ProjectStudent\ProjectStudent\Header2.h(67,14): error C3861: 'LList': identifier not found
C:\Users\user\source\repos\ProjectStudent\ProjectStudent\Header2.h(67,23): error C3861: 'l': identifier not found
C:\Users\user\source\repos\ProjectStudent\ProjectStudent\Header2.h(67,26): error C3861: 'Node': identifier not found
C:\Users\user\source\repos\ProjectStudent\ProjectStudent\Header2.h(67,35): error C3861: 'insert': identifier not found
C:\Users\user\source\repos\ProjectStudent\ProjectStudent\Header2.h(69,16): error C2065: 'Node': undeclared identifier
C:\Users\user\source\repos\ProjectStudent\ProjectStudent\Header2.h(69,25): error C2065: 'head': undeclared identifier
C:\Users\user\source\repos\ProjectStudent\ProjectStudent\Header2.h(69,16): error C3861: 'Node': identifier not found
C:\Users\user\source\repos\ProjectStudent\ProjectStudent\Header2.h(69,25): error C3861: 'head': identifier not found
C:\Users\user\source\repos\ProjectStudent\ProjectStudent\Header2.h(71,6): error C2182: 'removeRandomNode': this use of 'void' is not valid
C:\Users\user\source\repos\ProjectStudent\ProjectStudent\Header2.h(71,23): error C2065: 'LList': undeclared identifier
C:\Users\user\source\repos\ProjectStudent\ProjectStudent\Header2.h(71,32): error C2065: 'l': undeclared identifier
C:\Users\user\source\repos\ProjectStudent\ProjectStudent\Header2.h(71,35): error C2275: 'a': expected an expression instead of a type
C:\Users\user\source\repos\ProjectStudent\ProjectStudent\Header2.h(71,37): error C2146: syntax error: missing ')' before identifier 'data'
C:\Users\user\source\repos\ProjectStudent\ProjectStudent\Header2.h(73,5): error C2988: unrecognizable template declaration/definition
C:\Users\user\source\repos\ProjectStudent\ProjectStudent\Header2.h(73,5): error C2143: syntax error: missing ';' before '<'
C:\Users\user\source\repos\ProjectStudent\ProjectStudent\Header2.h(73,5): error C2059: syntax error: '<'
C:\Users\user\source\repos\ProjectStudent\ProjectStudent\Header2.h(84,5): error C2988: unrecognizable template declaration/definition
C:\Users\user\source\repos\ProjectStudent\ProjectStudent\Header2.h(84,5): error C2143: syntax error: missing ';' before '<'
C:\Users\user\source\repos\ProjectStudent\ProjectStudent\Header2.h(84,5): error C2059: syntax error: '<'
C:\Users\user\source\repos\ProjectStudent\ProjectStudent\Header2.h(86,5): error C2988: unrecognizable template declaration/definition
C:\Users\user\source\repos\ProjectStudent\ProjectStudent\Header2.h(86,5): error C2143: syntax error: missing ';' before '<'
C:\Users\user\source\repos\ProjectStudent\ProjectStudent\Header2.h(86,5): error C2059: syntax error: '<'
C:\Users\user\source\repos\ProjectStudent\ProjectStudent\Header1.h(42,3): error C2059: syntax error: 'return'
C:\Users\user\source\repos\ProjectStudent\ProjectStudent\Header1.h(42,96): error C2238: unexpected token(s) preceding ';'
C:\Users\user\source\repos\ProjectStudent\ProjectStudent\Header1.h(44,1): error C2059: syntax error: '}'
C:\Users\user\source\repos\ProjectStudent\ProjectStudent\Header1.h(44,1): error C2143: syntax error: missing ';' before '}'
C:\Users\user\source\repos\ProjectStudent\ProjectStudent\Header1.h(53,3): error C2059: syntax error: 'return'
C:\Users\user\source\repos\ProjectStudent\ProjectStudent\Header1.h(53,102): error C2238: unexpected token(s) preceding ';'
C:\Users\user\source\repos\ProjectStudent\ProjectStudent\Header1.h(55,1): error C2059: syntax error: '}'
C:\Users\user\source\repos\ProjectStudent\ProjectStudent\Header1.h(55,1): error C2143: syntax error: missing ';' before '}'
C:\Users\user\source\repos\ProjectStudent\ProjectStudent\Header1.h(66,3): error C2059: syntax error: 'return'
C:\Users\user\source\repos\ProjectStudent\ProjectStudent\Header1.h(66,160): error C2238: unexpected token(s) preceding ';'
C:\Users\user\source\repos\ProjectStudent\ProjectStudent\Header1.h(68,1): error C2059: syntax error: '}'
C:\Users\user\source\repos\ProjectStudent\ProjectStudent\Header1.h(68,1): error C2143: syntax error: missing ';' before '}'
C:\Users\user\source\repos\ProjectStudent\ProjectStudent\Source4.cpp(5,6): error C2365: 'addLast': redefinition; previous definition was 'data variable'
C:\Users\user\source\repos\ProjectStudent\ProjectStudent\Header2.h(67,6): message : see declaration of 'addLast'
C:\Users\user\source\repos\ProjectStudent\ProjectStudent\Source4.cpp(17,5): error C2365: 'countNodes': redefinition; previous definition was 'data variable'
C:\Users\user\source\repos\ProjectStudent\ProjectStudent\Header2.h(69,5): message : see declaration of 'countNodes'
C:\Users\user\source\repos\ProjectStudent\ProjectStudent\Source4.cpp(26,6): error C2365: 'removeRandomNode': redefinition; previous definition was 'data variable'
C:\Users\user\source\repos\ProjectStudent\ProjectStudent\Header2.h(71,6): message : see declaration of 'removeRandomNode'
C:\Users\user\source\repos\ProjectStudent\ProjectStudent\Source8.cpp(9,21): error C3245: 'countNodes': use of a variable template requires template argument list
C:\Users\user\source\repos\ProjectStudent\ProjectStudent\Header2.h(69,5): message : see declaration of 'countNodes'
C:\Users\user\source\repos\ProjectStudent\ProjectStudent\Source8.cpp(15,25): error C2065: 'systems': undeclared identifier
C:\Users\user\source\repos\ProjectStudent\ProjectStudent\Source8.cpp(16,42): error C2039: 'sem': is not a member of 'Course'
C:\Users\user\source\repos\ProjectStudent\ProjectStudent\Header1.h(33,8): message : see declaration of 'Course'
C:\Users\user\source\repos\ProjectStudent\ProjectStudent\Source8.cpp(19,4): error C3245: 'addLast': use of a variable template requires template argument list
C:\Users\user\source\repos\ProjectStudent\ProjectStudent\Header2.h(67,6): message : see declaration of 'addLast'
C:\Users\user\source\repos\ProjectStudent\ProjectStudent\Source8.cpp(29,3): error C2660: 'viewScoreBoards': function does not take 1 arguments
C:\Users\user\source\repos\ProjectStudent\ProjectStudent\Source8.cpp(24,6): message : see declaration of 'viewScoreBoards'
C:\Users\user\source\repos\ProjectStudent\ProjectStudent\Source8.cpp(29,3): message : while trying to match the argument list '(a)'
          with
          [
              a=Course
          ]
C:\Users\user\source\repos\ProjectStudent\ProjectStudent\Source8.cpp(36,29): error C2039: 'stuList': is not a member of 'Class'
C:\Users\user\source\repos\ProjectStudent\ProjectStudent\Header1.h(31,8): message : see declaration of 'Class'
C:\Users\user\source\repos\ProjectStudent\ProjectStudent\Source8.cpp(43,10): error C3245: 'countNodes': use of a variable template requires template argument list
C:\Users\user\source\repos\ProjectStudent\ProjectStudent\Header2.h(69,5): message : see declaration of 'countNodes'
C:\Users\user\source\repos\ProjectStudent\ProjectStudent\Source8.cpp(44,34): error C2062: type 'int' unexpected
C:\Users\user\source\repos\ProjectStudent\ProjectStudent\Source8.cpp(44,65): error C2065: 'index': undeclared identifier
C:\Users\user\source\repos\ProjectStudent\ProjectStudent\Source8.cpp(44,92): error C2065: 'index': undeclared identifier
C:\Users\user\source\repos\ProjectStudent\ProjectStudent\Source8.cpp(44,97): error C2059: syntax error: ')'
C:\Users\user\source\repos\ProjectStudent\ProjectStudent\Source8.cpp(45,3): error C2146: syntax error: missing ';' before identifier 'i'
C:\Users\user\source\repos\ProjectStudent\ProjectStudent\Source8.cpp(45,16): error C2065: 'index': undeclared identifier
C:\Users\user\source\repos\ProjectStudent\ProjectStudent\Source8.cpp(56,27): error C2039: 'stuList': is not a member of 'Class'
C:\Users\user\source\repos\ProjectStudent\ProjectStudent\Header1.h(31,8): message : see declaration of 'Class'
C:\Users\user\source\repos\ProjectStudent\ProjectStudent\Source8.cpp(58,30): error C2039: 'stuList': is not a member of 'Class'
C:\Users\user\source\repos\ProjectStudent\ProjectStudent\Header1.h(31,8): message : see declaration of 'Class'
C:\Users\user\source\repos\ProjectStudent\ProjectStudent\Source8.cpp(63,16): error C2039: 'stuList': is not a member of 'Class'
C:\Users\user\source\repos\ProjectStudent\ProjectStudent\Header1.h(31,8): message : see declaration of 'Class'
C:\Users\user\source\repos\ProjectStudent\ProjectStudent\Source8.cpp(83,47): error C2039: 'year': is not a member of 'Class'
C:\Users\user\source\repos\ProjectStudent\ProjectStudent\Header1.h(31,8): message : see declaration of 'Class'
C:\Users\user\source\repos\ProjectStudent\ProjectStudent\Source8.cpp(86,21): error C2039: 'year': is not a member of 'Class'
C:\Users\user\source\repos\ProjectStudent\ProjectStudent\Header1.h(31,8): message : see declaration of 'Class'
C:\Users\user\source\repos\ProjectStudent\ProjectStudent\Source8.cpp(89,22): error C3861: 'createSchoolYear': identifier not found
C:\Users\user\source\repos\ProjectStudent\ProjectStudent\Source8.cpp(109,29): error C2039: 'stuList': is not a member of 'Class'
C:\Users\user\source\repos\ProjectStudent\ProjectStudent\Header1.h(31,8): message : see declaration of 'Class'
C:\Users\user\source\repos\ProjectStudent\ProjectStudent\Source8.cpp(121,25): error C2065: 'systems': undeclared identifier
C:\Users\user\source\repos\ProjectStudent\ProjectStudent\Source8.cpp(122,36): error C2039: 'stuList': is not a member of 'Class'
C:\Users\user\source\repos\ProjectStudent\ProjectStudent\Header1.h(31,8): message : see declaration of 'Class'
C:\Users\user\source\repos\ProjectStudent\ProjectStudent\Source8.cpp(134,24): error C2065: 'systems': undeclared identifier
C:\Users\user\source\repos\ProjectStudent\ProjectStudent\Source8.cpp(150,51): error C2039: 'stuList': is not a member of 'Class'
C:\Users\user\source\repos\ProjectStudent\ProjectStudent\Header1.h(31,8): message : see declaration of 'Class'
C:\Users\user\source\repos\ProjectStudent\ProjectStudent\Source8.cpp(157,49): warning C4244: '=': conversion from 'double' to 'float', possible loss of data
C:\Users\user\source\repos\ProjectStudent\ProjectStudent\Source8.cpp(159,4): error C3245: 'addLast': use of a variable template requires template argument list
C:\Users\user\source\repos\ProjectStudent\ProjectStudent\Header2.h(67,6): message : see declaration of 'addLast'
C:\Users\user\source\repos\ProjectStudent\ProjectStudent\Source8.cpp(159,11): fatal  error C1003: error count exceeds 100; stopping compilation
  Source9.cpp
C:\Users\user\source\repos\ProjectStudent\ProjectStudent\Header2.h(17,13): error C3646: 'year': unknown override specifier
C:\Users\user\source\repos\ProjectStudent\ProjectStudent\Header2.h(17,17): error C4430: missing type specifier - int assumed. Note: C++ does not support default-int
C:\Users\user\source\repos\ProjectStudent\ProjectStudent\Header2.h(21,7): error C2143: syntax error: missing ';' before '<'
C:\Users\user\source\repos\ProjectStudent\ProjectStudent\Header2.h(21,7): error C4430: missing type specifier - int assumed. Note: C++ does not support default-int
C:\Users\user\source\repos\ProjectStudent\ProjectStudent\Header2.h(21,24): error C2238: unexpected token(s) preceding ';'
C:\Users\user\source\repos\ProjectStudent\ProjectStudent\Header2.h(24,17): error C2039: 'year': is not a member of 'Class'
C:\Users\user\source\repos\ProjectStudent\ProjectStudent\Header2.h(15,8): message : see declaration of 'Class'
C:\Users\user\source\repos\ProjectStudent\ProjectStudent\Header2.h(24,38): error C2039: 'year': is not a member of 'Class'
C:\Users\user\source\repos\ProjectStudent\ProjectStudent\Header2.h(15,8): message : see declaration of 'Class'
C:\Users\user\source\repos\ProjectStudent\ProjectStudent\Header2.h(30,10): error C3646: 'student': unknown override specifier
C:\Users\user\source\repos\ProjectStudent\ProjectStudent\Header2.h(30,17): error C4430: missing type specifier - int assumed. Note: C++ does not support default-int
C:\Users\user\source\repos\ProjectStudent\ProjectStudent\Header2.h(31,9): error C2079: 'Scoreboard::course' uses undefined struct 'Course'
C:\Users\user\source\repos\ProjectStudent\ProjectStudent\Header2.h(43,7): error C2143: syntax error: missing ';' before '<'
C:\Users\user\source\repos\ProjectStudent\ProjectStudent\Header2.h(43,7): error C4430: missing type specifier - int assumed. Note: C++ does not support default-int
C:\Users\user\source\repos\ProjectStudent\ProjectStudent\Header2.h(43,23): error C2238: unexpected token(s) preceding ';'
C:\Users\user\source\repos\ProjectStudent\ProjectStudent\Header2.h(60,11): error C3646: 'sem': unknown override specifier
C:\Users\user\source\repos\ProjectStudent\ProjectStudent\Header2.h(60,14): error C4430: missing type specifier - int assumed. Note: C++ does not support default-int
C:\Users\user\source\repos\ProjectStudent\ProjectStudent\Header2.h(61,7): error C2143: syntax error: missing ';' before '<'
C:\Users\user\source\repos\ProjectStudent\ProjectStudent\Header2.h(61,7): error C4430: missing type specifier - int assumed. Note: C++ does not support default-int
C:\Users\user\source\repos\ProjectStudent\ProjectStudent\Header2.h(61,24): error C2238: unexpected token(s) preceding ';'
C:\Users\user\source\repos\ProjectStudent\ProjectStudent\Header2.h(62,7): error C2143: syntax error: missing ';' before '<'
C:\Users\user\source\repos\ProjectStudent\ProjectStudent\Header2.h(62,7): error C4430: missing type specifier - int assumed. Note: C++ does not support default-int
C:\Users\user\source\repos\ProjectStudent\ProjectStudent\Header2.h(62,25): error C2238: unexpected token(s) preceding ';'
C:\Users\user\source\repos\ProjectStudent\ProjectStudent\Header2.h(67,6): error C2182: 'addLast': this use of 'void' is not valid
C:\Users\user\source\repos\ProjectStudent\ProjectStudent\Header2.h(67,14): error C2065: 'LList': undeclared identifier
C:\Users\user\source\repos\ProjectStudent\ProjectStudent\Header2.h(67,23): error C2065: 'l': undeclared identifier
C:\Users\user\source\repos\ProjectStudent\ProjectStudent\Header2.h(67,26): error C2065: 'Node': undeclared identifier
C:\Users\user\source\repos\ProjectStudent\ProjectStudent\Header2.h(67,35): error C2065: 'insert': undeclared identifier
C:\Users\user\source\repos\ProjectStudent\ProjectStudent\Header2.h(67,14): error C3861: 'LList': identifier not found
C:\Users\user\source\repos\ProjectStudent\ProjectStudent\Header2.h(67,23): error C3861: 'l': identifier not found
C:\Users\user\source\repos\ProjectStudent\ProjectStudent\Header2.h(67,26): error C3861: 'Node': identifier not found
C:\Users\user\source\repos\ProjectStudent\ProjectStudent\Header2.h(67,35): error C3861: 'insert': identifier not found
C:\Users\user\source\repos\ProjectStudent\ProjectStudent\Header2.h(69,16): error C2065: 'Node': undeclared identifier
C:\Users\user\source\repos\ProjectStudent\ProjectStudent\Header2.h(69,25): error C2065: 'head': undeclared identifier
C:\Users\user\source\repos\ProjectStudent\ProjectStudent\Header2.h(69,16): error C3861: 'Node': identifier not found
C:\Users\user\source\repos\ProjectStudent\ProjectStudent\Header2.h(69,25): error C3861: 'head': identifier not found
C:\Users\user\source\repos\ProjectStudent\ProjectStudent\Header2.h(71,6): error C2182: 'removeRandomNode': this use of 'void' is not valid
C:\Users\user\source\repos\ProjectStudent\ProjectStudent\Header2.h(71,23): error C2065: 'LList': undeclared identifier
C:\Users\user\source\repos\ProjectStudent\ProjectStudent\Header2.h(71,32): error C2065: 'l': undeclared identifier
C:\Users\user\source\repos\ProjectStudent\ProjectStudent\Header2.h(71,35): error C2275: 'a': expected an expression instead of a type
C:\Users\user\source\repos\ProjectStudent\ProjectStudent\Header2.h(71,37): error C2146: syntax error: missing ')' before identifier 'data'
C:\Users\user\source\repos\ProjectStudent\ProjectStudent\Header2.h(73,5): error C2988: unrecognizable template declaration/definition
C:\Users\user\source\repos\ProjectStudent\ProjectStudent\Header2.h(73,5): error C2143: syntax error: missing ';' before '<'
C:\Users\user\source\repos\ProjectStudent\ProjectStudent\Header2.h(73,5): error C2059: syntax error: '<'
C:\Users\user\source\repos\ProjectStudent\ProjectStudent\Header2.h(84,5): error C2988: unrecognizable template declaration/definition
C:\Users\user\source\repos\ProjectStudent\ProjectStudent\Header2.h(84,5): error C2143: syntax error: missing ';' before '<'
C:\Users\user\source\repos\ProjectStudent\ProjectStudent\Header2.h(84,5): error C2059: syntax error: '<'
C:\Users\user\source\repos\ProjectStudent\ProjectStudent\Header2.h(86,5): error C2988: unrecognizable template declaration/definition
C:\Users\user\source\repos\ProjectStudent\ProjectStudent\Header2.h(86,5): error C2143: syntax error: missing ';' before '<'
C:\Users\user\source\repos\ProjectStudent\ProjectStudent\Header2.h(86,5): error C2059: syntax error: '<'
C:\Users\user\source\repos\ProjectStudent\ProjectStudent\Header1.h(42,3): error C2059: syntax error: 'return'
C:\Users\user\source\repos\ProjectStudent\ProjectStudent\Header1.h(42,96): error C2238: unexpected token(s) preceding ';'
C:\Users\user\source\repos\ProjectStudent\ProjectStudent\Header1.h(44,1): error C2059: syntax error: '}'
C:\Users\user\source\repos\ProjectStudent\ProjectStudent\Header1.h(44,1): error C2143: syntax error: missing ';' before '}'
C:\Users\user\source\repos\ProjectStudent\ProjectStudent\Header1.h(53,3): error C2059: syntax error: 'return'
C:\Users\user\source\repos\ProjectStudent\ProjectStudent\Header1.h(53,102): error C2238: unexpected token(s) preceding ';'
C:\Users\user\source\repos\ProjectStudent\ProjectStudent\Header1.h(55,1): error C2059: syntax error: '}'
C:\Users\user\source\repos\ProjectStudent\ProjectStudent\Header1.h(55,1): error C2143: syntax error: missing ';' before '}'
C:\Users\user\source\repos\ProjectStudent\ProjectStudent\Header1.h(66,3): error C2059: syntax error: 'return'
C:\Users\user\source\repos\ProjectStudent\ProjectStudent\Header1.h(66,160): error C2238: unexpected token(s) preceding ';'
C:\Users\user\source\repos\ProjectStudent\ProjectStudent\Header1.h(68,1): error C2059: syntax error: '}'
C:\Users\user\source\repos\ProjectStudent\ProjectStudent\Header1.h(68,1): error C2143: syntax error: missing ';' before '}'
C:\Users\user\source\repos\ProjectStudent\ProjectStudent\Source4.cpp(5,6): error C2365: 'addLast': redefinition; previous definition was 'data variable'
C:\Users\user\source\repos\ProjectStudent\ProjectStudent\Header2.h(67,6): message : see declaration of 'addLast'
C:\Users\user\source\repos\ProjectStudent\ProjectStudent\Source4.cpp(17,5): error C2365: 'countNodes': redefinition; previous definition was 'data variable'
C:\Users\user\source\repos\ProjectStudent\ProjectStudent\Header2.h(69,5): message : see declaration of 'countNodes'
C:\Users\user\source\repos\ProjectStudent\ProjectStudent\Source4.cpp(26,6): error C2365: 'removeRandomNode': redefinition; previous definition was 'data variable'
C:\Users\user\source\repos\ProjectStudent\ProjectStudent\Header2.h(71,6): message : see declaration of 'removeRandomNode'
C:\Users\user\source\repos\ProjectStudent\ProjectStudent\Source9.cpp(13,7): error C2065: 'systems': undeclared identifier
C:\Users\user\source\repos\ProjectStudent\ProjectStudent\Source9.cpp(13,32): error C2065: 'systems': undeclared identifier
C:\Users\user\source\repos\ProjectStudent\ProjectStudent\Source9.cpp(13,57): error C2065: 'systems': undeclared identifier
C:\Users\user\source\repos\ProjectStudent\ProjectStudent\Source9.cpp(21,26): error C2065: 'systems': undeclared identifier
C:\Users\user\source\repos\ProjectStudent\ProjectStudent\Source9.cpp(42,3): error C2065: 'systems': undeclared identifier
C:\Users\user\source\repos\ProjectStudent\ProjectStudent\Source9.cpp(51,4): error C3245: 'addLast': use of a variable template requires template argument list
C:\Users\user\source\repos\ProjectStudent\ProjectStudent\Header2.h(67,6): message : see declaration of 'addLast'
C:\Users\user\source\repos\ProjectStudent\ProjectStudent\Source9.cpp(51,12): error C2065: 'systems': undeclared identifier
C:\Users\user\source\repos\ProjectStudent\ProjectStudent\Source9.cpp(62,24): error C2065: 'systems': undeclared identifier
C:\Users\user\source\repos\ProjectStudent\ProjectStudent\Source9.cpp(91,10): error C3861: 'createSchoolYear': identifier not found
C:\Users\user\source\repos\ProjectStudent\ProjectStudent\Source9.cpp(93,10): error C3861: 'createSchoolYear': identifier not found
C:\Users\user\source\repos\ProjectStudent\ProjectStudent\Source9.cpp(107,8): error C2065: 'systems': undeclared identifier
C:\Users\user\source\repos\ProjectStudent\ProjectStudent\Source9.cpp(107,41): error C2065: 'systems': undeclared identifier
C:\Users\user\source\repos\ProjectStudent\ProjectStudent\Source9.cpp(107,74): error C2065: 'systems': undeclared identifier
C:\Users\user\source\repos\ProjectStudent\ProjectStudent\Source9.cpp(112,28): error C2065: 'systems': undeclared identifier
C:\Users\user\source\repos\ProjectStudent\ProjectStudent\Source9.cpp(123,18): error C2039: 'sem': is not a member of 'Course'
C:\Users\user\source\repos\ProjectStudent\ProjectStudent\Header1.h(33,8): message : see declaration of 'Course'
C:\Users\user\source\repos\ProjectStudent\ProjectStudent\Source9.cpp(145,4): error C2065: 'systems': undeclared identifier
C:\Users\user\source\repos\ProjectStudent\ProjectStudent\Source9.cpp(162,24): error C3861: 'findCLass': identifier not found
C:\Users\user\source\repos\ProjectStudent\ProjectStudent\Source9.cpp(174,36): error C2039: 'sem': is not a member of 'Course'
C:\Users\user\source\repos\ProjectStudent\ProjectStudent\Header1.h(33,8): message : see declaration of 'Course'
C:\Users\user\source\repos\ProjectStudent\ProjectStudent\Source9.cpp(175,6): error C2039: 'sem': is not a member of 'Course'
C:\Users\user\source\repos\ProjectStudent\ProjectStudent\Header1.h(33,8): message : see declaration of 'Course'
C:\Users\user\source\repos\ProjectStudent\ProjectStudent\Source9.cpp(177,4): error C3245: 'addLast': use of a variable template requires template argument list
C:\Users\user\source\repos\ProjectStudent\ProjectStudent\Header2.h(67,6): message : see declaration of 'addLast'
C:\Users\user\source\repos\ProjectStudent\ProjectStudent\Source9.cpp(177,12): error C2065: 'systems': undeclared identifier
C:\Users\user\source\repos\ProjectStudent\ProjectStudent\Source9.cpp(177,32): error C2039: 'sem': is not a member of 'Course'
C:\Users\user\source\repos\ProjectStudent\ProjectStudent\Header1.h(33,8): message : see declaration of 'Course'
C:\Users\user\source\repos\ProjectStudent\ProjectStudent\Source9.cpp(194,7): error C2065: 'systems': undeclared identifier
C:\Users\user\source\repos\ProjectStudent\ProjectStudent\Source9.cpp(194,32): error C2065: 'systems': undeclared identifier
C:\Users\user\source\repos\ProjectStudent\ProjectStudent\Source9.cpp(194,57): error C2065: 'systems': undeclared identifier
C:\Users\user\source\repos\ProjectStudent\ProjectStudent\Source9.cpp(194): fatal  error C1003: error count exceeds 100; stopping compilation
  Generating Code...
